This is pdfTeX, Version 3.141592653-2.6-1.40.26 (TeX Live 2024) (preloaded format=pdflatex 2024.9.21)  14 JAN 2026 11:06
entering extended mode
 restricted \write18 enabled.
 file:line:error style messages enabled.
 %&-line parsing enabled.
**"c:/DATA/NTU/research/Wei-Hsiang Lin IMB Lab/2025 reaction networks/special_function/20260111/main.tex"
(c:/DATA/NTU/research/Wei-Hsiang Lin IMB Lab/2025 reaction networks/special_function/20260111/main.tex
LaTeX2e <2024-06-01> patch level 2
L3 programming layer <2024-08-30>
(c:/texlive/2024/texmf-dist/tex/latex/base/article.cls
Document Class: article 2024/02/08 v1.4n Standard LaTeX document class
(c:/texlive/2024/texmf-dist/tex/latex/base/size12.clo
File: size12.clo 2024/02/08 v1.4n Standard LaTeX file (size option)
)
\c@part=\count194
\c@section=\count195
\c@subsection=\count196
\c@subsubsection=\count197
\c@paragraph=\count198
\c@subparagraph=\count199
\c@figure=\count266
\c@table=\count267
\abovecaptionskip=\skip49
\belowcaptionskip=\skip50
\bibindent=\dimen141
) (c:/texlive/2024/texmf-dist/tex/latex/geometry/geometry.sty
Package: geometry 2020/01/02 v5.9 Page Geometry
 (c:/texlive/2024/texmf-dist/tex/latex/graphics/keyval.sty
Package: keyval 2022/05/29 v1.15 key=value parser (DPC)
\KV@toks@=\toks17
) (c:/texlive/2024/texmf-dist/tex/generic/iftex/ifvtex.sty
Package: ifvtex 2019/10/25 v1.7 ifvtex legacy package. Use iftex instead.
 (c:/texlive/2024/texmf-dist/tex/generic/iftex/iftex.sty
Package: iftex 2022/02/03 v1.0f TeX engine tests
))
\Gm@cnth=\count268
\Gm@cntv=\count269
\c@Gm@tempcnt=\count270
\Gm@bindingoffset=\dimen142
\Gm@wd@mp=\dimen143
\Gm@odd@mp=\dimen144
\Gm@even@mp=\dimen145
\Gm@layoutwidth=\dimen146
\Gm@layoutheight=\dimen147
\Gm@layouthoffset=\dimen148
\Gm@layoutvoffset=\dimen149
\Gm@dimlist=\toks18
) (c:/texlive/2024/texmf-dist/tex/latex/import/import.sty
Package: import 2020/04/01  v 6.2
) (c:/texlive/2024/texmf-dist/tex/latex/xifthen/xifthen.sty
Package: xifthen 2015/11/05 v1.4.0 Extended ifthen features
 (c:/texlive/2024/texmf-dist/tex/latex/tools/calc.sty
Package: calc 2023/07/08 v4.3 Infix arithmetic (KKT,FJ)
\calc@Acount=\count271
\calc@Bcount=\count272
\calc@Adimen=\dimen150
\calc@Bdimen=\dimen151
\calc@Askip=\skip51
\calc@Bskip=\skip52
LaTeX Info: Redefining \setlength on input line 80.
LaTeX Info: Redefining \addtolength on input line 81.
\calc@Ccount=\count273
\calc@Cskip=\skip53
) (c:/texlive/2024/texmf-dist/tex/latex/base/ifthen.sty
Package: ifthen 2024/03/16 v1.1e Standard LaTeX ifthen package (DPC)
) (c:/texlive/2024/texmf-dist/tex/latex/ifmtarg/ifmtarg.sty
Package: ifmtarg 2018/04/16 v1.2b check for an empty argument
)) (c:/texlive/2024/texmf-dist/tex/latex/pdfpages/pdfpages.sty
Package: pdfpages 2024/08/20 v0.6b Insert pages of external PDF documents (AM)
 (c:/texlive/2024/texmf-dist/tex/latex/eso-pic/eso-pic.sty
Package: eso-pic 2023/05/03 v3.0c eso-pic (RN)
\ESO@tempdima=\dimen152
\ESO@tempdimb=\dimen153
 (c:/texlive/2024/texmf-dist/tex/latex/xcolor/xcolor.sty
Package: xcolor 2023/11/15 v3.01 LaTeX color extensions (UK)
 (c:/texlive/2024/texmf-dist/tex/latex/graphics-cfg/color.cfg
File: color.cfg 2016/01/02 v1.6 sample color configuration
)
Package xcolor Info: Driver file: pdftex.def on input line 274.
 (c:/texlive/2024/texmf-dist/tex/latex/graphics-def/pdftex.def
File: pdftex.def 2024/04/13 v1.2c Graphics/color driver for pdftex
) (c:/texlive/2024/texmf-dist/tex/latex/graphics/mathcolor.ltx)
Package xcolor Info: Model `cmy' substituted by `cmy0' on input line 1350.
Package xcolor Info: Model `hsb' substituted by `rgb' on input line 1354.
Package xcolor Info: Model `RGB' extended on input line 1366.
Package xcolor Info: Model `HTML' substituted by `rgb' on input line 1368.
Package xcolor Info: Model `Hsb' substituted by `hsb' on input line 1369.
Package xcolor Info: Model `tHsb' substituted by `hsb' on input line 1370.
Package xcolor Info: Model `HSB' substituted by `hsb' on input line 1371.
Package xcolor Info: Model `Gray' substituted by `gray' on input line 1372.
Package xcolor Info: Model `wave' substituted by `hsb' on input line 1373.
)) (c:/texlive/2024/texmf-dist/tex/latex/graphics/graphicx.sty
Package: graphicx 2021/09/16 v1.2d Enhanced LaTeX Graphics (DPC,SPQR)
 (c:/texlive/2024/texmf-dist/tex/latex/graphics/graphics.sty
Package: graphics 2024/05/23 v1.4g Standard LaTeX Graphics (DPC,SPQR)
 (c:/texlive/2024/texmf-dist/tex/latex/graphics/trig.sty
Package: trig 2023/12/02 v1.11 sin cos tan (DPC)
) (c:/texlive/2024/texmf-dist/tex/latex/graphics-cfg/graphics.cfg
File: graphics.cfg 2016/06/04 v1.11 sample graphics configuration
)
Package graphics Info: Driver file: pdftex.def on input line 106.
)
\Gin@req@height=\dimen154
\Gin@req@width=\dimen155
)
\AM@pagewidth=\dimen156
\AM@pageheight=\dimen157
\AM@fboxrule=\dimen158
 (c:/texlive/2024/texmf-dist/tex/latex/pdfpages/pppdftex.def
File: pppdftex.def 2024/08/20 v0.6b Pdfpages driver for pdfTeX (AM)
)
\pdfpages@includegraphics@status=\count274
\AM@pagebox=\box52
\AM@global@opts=\toks19
\AM@pagecnt=\count275
\AM@toc@title=\toks20
\AM@lof@heading=\toks21
\c@AM@survey=\count276
\AM@templatesizebox=\box53
) (c:/texlive/2024/texmf-dist/tex/latex/transparent/transparent.sty
Package: transparent 2022-10-27 v1.5 Transparency with color stacks
 (c:/texlive/2024/texmf-dist/tex/latex/transparent/transparent-nometadata.sty
Package: transparent-nometadata 2022-10-27 v1.5 Transparency via pdfTeX's color stack (HO)
 (c:/texlive/2024/texmf-dist/tex/latex/auxhook/auxhook.sty
Package: auxhook 2019-12-17 v1.6 Hooks for auxiliary files (HO)
))) (c:/texlive/2024/texmf-dist/tex/latex/koma-script/scrextend.sty
Package: scrextend 2023/07/07 v3.41 KOMA-Script package (extend other classes with features of KOMA-Script classes)
 (c:/texlive/2024/texmf-dist/tex/latex/koma-script/scrkbase.sty
Package: scrkbase 2023/07/07 v3.41 KOMA-Script package (KOMA-Script-dependent basics and keyval usage)
 (c:/texlive/2024/texmf-dist/tex/latex/koma-script/scrbase.sty
Package: scrbase 2023/07/07 v3.41 KOMA-Script package (KOMA-Script-independent basics and keyval usage)
 (c:/texlive/2024/texmf-dist/tex/latex/koma-script/scrlfile.sty
Package: scrlfile 2023/07/07 v3.41 KOMA-Script package (file load hooks)
 (c:/texlive/2024/texmf-dist/tex/latex/koma-script/scrlfile-hook.sty
Package: scrlfile-hook 2023/07/07 v3.41 KOMA-Script package (using LaTeX hooks)
 (c:/texlive/2024/texmf-dist/tex/latex/koma-script/scrlogo.sty
Package: scrlogo 2023/07/07 v3.41 KOMA-Script package (logo)
)))
Applying: [2021/05/01] Usage of raw or classic option list on input line 252.
Already applied: [0000/00/00] Usage of raw or classic option list on input line 368.
))) (c:/texlive/2024/texmf-dist/tex/latex/amsmath/amsmath.sty
Package: amsmath 2024/05/23 v2.17q AMS math features
\@mathmargin=\skip54

For additional information on amsmath, use the `?' option.
(c:/texlive/2024/texmf-dist/tex/latex/amsmath/amstext.sty
Package: amstext 2021/08/26 v2.01 AMS text
 (c:/texlive/2024/texmf-dist/tex/latex/amsmath/amsgen.sty
File: amsgen.sty 1999/11/30 v2.0 generic functions
\@emptytoks=\toks22
\ex@=\dimen159
)) (c:/texlive/2024/texmf-dist/tex/latex/amsmath/amsbsy.sty
Package: amsbsy 1999/11/29 v1.2d Bold Symbols
\pmbraise@=\dimen160
) (c:/texlive/2024/texmf-dist/tex/latex/amsmath/amsopn.sty
Package: amsopn 2022/04/08 v2.04 operator names
)
\inf@bad=\count277
LaTeX Info: Redefining \frac on input line 233.
\uproot@=\count278
\leftroot@=\count279
LaTeX Info: Redefining \overline on input line 398.
LaTeX Info: Redefining \colon on input line 409.
\classnum@=\count280
\DOTSCASE@=\count281
LaTeX Info: Redefining \ldots on input line 495.
LaTeX Info: Redefining \dots on input line 498.
LaTeX Info: Redefining \cdots on input line 619.
\Mathstrutbox@=\box54
\strutbox@=\box55
LaTeX Info: Redefining \big on input line 721.
LaTeX Info: Redefining \Big on input line 722.
LaTeX Info: Redefining \bigg on input line 723.
LaTeX Info: Redefining \Bigg on input line 724.
\big@size=\dimen161
LaTeX Font Info:    Redeclaring font encoding OML on input line 742.
LaTeX Font Info:    Redeclaring font encoding OMS on input line 743.
\macc@depth=\count282
LaTeX Info: Redefining \bmod on input line 904.
LaTeX Info: Redefining \pmod on input line 909.
LaTeX Info: Redefining \smash on input line 939.
LaTeX Info: Redefining \relbar on input line 969.
LaTeX Info: Redefining \Relbar on input line 970.
\c@MaxMatrixCols=\count283
\dotsspace@=\muskip17
\c@parentequation=\count284
\dspbrk@lvl=\count285
\tag@help=\toks23
\row@=\count286
\column@=\count287
\maxfields@=\count288
\andhelp@=\toks24
\eqnshift@=\dimen162
\alignsep@=\dimen163
\tagshift@=\dimen164
\tagwidth@=\dimen165
\totwidth@=\dimen166
\lineht@=\dimen167
\@envbody=\toks25
\multlinegap=\skip55
\multlinetaggap=\skip56
\mathdisplay@stack=\toks26
LaTeX Info: Redefining \[ on input line 2953.
LaTeX Info: Redefining \] on input line 2954.
) (c:/texlive/2024/texmf-dist/tex/latex/enumitem/enumitem.sty
Package: enumitem 2019/06/20 v3.9 Customized lists
\labelindent=\skip57
\enit@outerparindent=\dimen168
\enit@toks=\toks27
\enit@inbox=\box56
\enit@count@id=\count289
\enitdp@description=\count290
) (c:/texlive/2024/texmf-dist/tex/generic/ulem/ulem.sty
\UL@box=\box57
\UL@hyphenbox=\box58
\UL@skip=\skip58
\UL@hook=\toks28
\UL@height=\dimen169
\UL@pe=\count291
\UL@pixel=\dimen170
\ULC@box=\box59
Package: ulem 2019/11/18
\ULdepth=\dimen171
) (c:/texlive/2024/texmf-dist/tex/latex/tools/indentfirst.sty
Package: indentfirst 2023/07/02 v1.03 Indent first paragraph (DPC)
) (c:/texlive/2024/texmf-dist/tex/latex/psnfss/pifont.sty
Package: pifont 2020/03/25 PSNFSS-v9.3 Pi font support (SPQR) 
LaTeX Font Info:    Trying to load font information for U+pzd on input line 63.
 (c:/texlive/2024/texmf-dist/tex/latex/psnfss/upzd.fd
File: upzd.fd 2001/06/04 font definitions for U/pzd.
)
LaTeX Font Info:    Trying to load font information for U+psy on input line 64.
 (c:/texlive/2024/texmf-dist/tex/latex/psnfss/upsy.fd
File: upsy.fd 2001/06/04 font definitions for U/psy.
)) (c:/texlive/2024/texmf-dist/tex/latex/fancyhdr/fancyhdr.sty
Package: fancyhdr 2024/07/23 v4.3.1 Extensive control of page headers and footers
\f@nch@headwidth=\skip59
\f@nch@O@elh=\skip60
\f@nch@O@erh=\skip61
\f@nch@O@olh=\skip62
\f@nch@O@orh=\skip63
\f@nch@O@elf=\skip64
\f@nch@O@erf=\skip65
\f@nch@O@olf=\skip66
\f@nch@O@orf=\skip67
) (c:/texlive/2024/texmf-dist/tex/latex/amsfonts/amssymb.sty
Package: amssymb 2013/01/14 v3.01 AMS font symbols
 (c:/texlive/2024/texmf-dist/tex/latex/amsfonts/amsfonts.sty
Package: amsfonts 2013/01/14 v3.01 Basic AMSFonts support
\symAMSa=\mathgroup4
\symAMSb=\mathgroup5
LaTeX Font Info:    Redeclaring math symbol \hbar on input line 98.
LaTeX Font Info:    Overwriting math alphabet `\mathfrak' in version `bold'
(Font)                  U/euf/m/n --> U/euf/b/n on input line 106.
)) (c:/texlive/2024/texmf-dist/tex/latex/mathtools/empheq.sty
Package: empheq 2017/03/31 v2.15 Emphasizing equations
 (c:/texlive/2024/texmf-dist/tex/latex/mathtools/mhsetup.sty
Package: mhsetup 2021/03/18 v1.4 programming setup (MH)
) (c:/texlive/2024/texmf-dist/tex/latex/mathtools/mathtools.sty
Package: mathtools 2024/03/11 v1.30 mathematical typesetting tools
\g_MT_multlinerow_int=\count292
\l_MT_multwidth_dim=\dimen172
\origjot=\skip68
\l_MT_shortvdotswithinadjustabove_dim=\dimen173
\l_MT_shortvdotswithinadjustbelow_dim=\dimen174
\l_MT_above_intertext_sep=\dimen175
\l_MT_below_intertext_sep=\dimen176
\l_MT_above_shortintertext_sep=\dimen177
\l_MT_below_shortintertext_sep=\dimen178
\xmathstrut@box=\box60
\xmathstrut@dim=\dimen179
)
\l_EQ_equationtype_int=\count293
\l_EQ_alignmentmode_int=\count294
\l_EQ_totalwidth_dim=\dimen180
\l_EQ_displaywidth_dim=\dimen181
\l_EQ_temp_linewidth_dim=\dimen182
\l_EQ_linewidth_dim=\dimen183
\EmphEqdelimitershortfall=\dimen184
\EmphEqdelimiterfactor=\count295
\g_EQ_toptag_height_dim=\dimen185
\g_EQ_bottomtag_depth_dim=\dimen186
\g_EQ_toprow_height_dim=\dimen187
\g_EQ_bottomrow_depth_dim=\dimen188
\g_EQ_widesttag_dim=\dimen189
\EQ_mathdisplay_box=\box61
\EQ_tag_box=\box62
\g_EQ_temprow_int=\count296
) (c:/texlive/2024/texmf-dist/tex/latex/wrapfig/wrapfig.sty
\wrapoverhang=\dimen190
\WF@size=\dimen191
\c@WF@wrappedlines=\count297
\WF@box=\box63
\WF@everypar=\toks29
Package: wrapfig 2003/01/31  v 3.6
) (c:/texlive/2024/texmf-dist/tex/latex/subfig/subfig.sty
Package: subfig 2005/06/28 ver: 1.3 subfig package
 (c:/texlive/2024/texmf-dist/tex/latex/caption/caption.sty
Package: caption 2023/08/05 v3.6o Customizing captions (AR)
 (c:/texlive/2024/texmf-dist/tex/latex/caption/caption3.sty
Package: caption3 2023/07/31 v2.4d caption3 kernel (AR)
\caption@tempdima=\dimen192
\captionmargin=\dimen193
\caption@leftmargin=\dimen194
\caption@rightmargin=\dimen195
\caption@width=\dimen196
\caption@indent=\dimen197
\caption@parindent=\dimen198
\caption@hangindent=\dimen199
Package caption Info: Standard document class detected.
)
\c@caption@flags=\count298
\c@continuedfloat=\count299
Package caption Info: scrextend package is loaded.
\caption@addmargin@hsize=\dimen256
\caption@addmargin@linewidth=\dimen257
Package caption Info: wrapfig package is loaded.
)
\c@KVtest=\count300
\sf@farskip=\skip69
\sf@captopadj=\dimen258
\sf@capskip=\skip70
\sf@nearskip=\skip71
\c@subfigure=\count301
\c@subfigure@save=\count302
\c@lofdepth=\count303
\c@subtable=\count304
\c@subtable@save=\count305
\c@lotdepth=\count306
\sf@top=\skip72
\sf@bottom=\skip73
) (c:/texlive/2024/texmf-dist/tex/latex/makecell/makecell.sty
Package: makecell 2009/08/03 V0.1e Managing of Tab Column Heads and Cells
 (c:/texlive/2024/texmf-dist/tex/latex/tools/array.sty
Package: array 2024/06/14 v2.6d Tabular extension package (FMi)
\col@sep=\dimen259
\ar@mcellbox=\box64
\extrarowheight=\dimen260
\NC@list=\toks30
\extratabsurround=\skip74
\backup@length=\skip75
\ar@cellbox=\box65
)
\rotheadsize=\dimen261
\c@nlinenum=\count307
\TeXr@lab=\toks31
) (c:/texlive/2024/texmf-dist/tex/latex/tools/longtable.sty
Package: longtable 2024-04-26 v4.20 Multi-page Table package (DPC)
\LTleft=\skip76
\LTright=\skip77
\LTpre=\skip78
\LTpost=\skip79
\LTchunksize=\count308
\LTcapwidth=\dimen262
\LT@head=\box66
\LT@firsthead=\box67
\LT@foot=\box68
\LT@lastfoot=\box69
\LT@gbox=\box70
\LT@cols=\count309
\LT@rows=\count310
\c@LT@tables=\count311
\c@LT@chunks=\count312
\LT@p@ftn=\toks32
) (c:/texlive/2024/texmf-dist/tex/latex/booktabs/booktabs.sty
Package: booktabs 2020/01/12 v1.61803398 Publication quality tables
\heavyrulewidth=\dimen263
\lightrulewidth=\dimen264
\cmidrulewidth=\dimen265
\belowrulesep=\dimen266
\belowbottomsep=\dimen267
\aboverulesep=\dimen268
\abovetopsep=\dimen269
\cmidrulesep=\dimen270
\cmidrulekern=\dimen271
\defaultaddspace=\dimen272
\@cmidla=\count313
\@cmidlb=\count314
\@aboverulesep=\dimen273
\@belowrulesep=\dimen274
\@thisruleclass=\count315
\@lastruleclass=\count316
\@thisrulewidth=\dimen275
) (c:/texlive/2024/texmf-dist/tex/latex/tools/tabularx.sty
Package: tabularx 2023/12/11 v2.12a `tabularx' package (DPC)
\TX@col@width=\dimen276
\TX@old@table=\dimen277
\TX@old@col=\dimen278
\TX@target=\dimen279
\TX@delta=\dimen280
\TX@cols=\count317
\TX@ftn=\toks33
) (c:/texlive/2024/texmf-dist/tex/latex/lm/lmodern.sty
Package: lmodern 2015/05/01 v1.6.1 Latin Modern Fonts
LaTeX Font Info:    Overwriting symbol font `operators' in version `normal'
(Font)                  OT1/cmr/m/n --> OT1/lmr/m/n on input line 22.
LaTeX Font Info:    Overwriting symbol font `letters' in version `normal'
(Font)                  OML/cmm/m/it --> OML/lmm/m/it on input line 23.
LaTeX Font Info:    Overwriting symbol font `symbols' in version `normal'
(Font)                  OMS/cmsy/m/n --> OMS/lmsy/m/n on input line 24.
LaTeX Font Info:    Overwriting symbol font `largesymbols' in version `normal'
(Font)                  OMX/cmex/m/n --> OMX/lmex/m/n on input line 25.
LaTeX Font Info:    Overwriting symbol font `operators' in version `bold'
(Font)                  OT1/cmr/bx/n --> OT1/lmr/bx/n on input line 26.
LaTeX Font Info:    Overwriting symbol font `letters' in version `bold'
(Font)                  OML/cmm/b/it --> OML/lmm/b/it on input line 27.
LaTeX Font Info:    Overwriting symbol font `symbols' in version `bold'
(Font)                  OMS/cmsy/b/n --> OMS/lmsy/b/n on input line 28.
LaTeX Font Info:    Overwriting symbol font `largesymbols' in version `bold'
(Font)                  OMX/cmex/m/n --> OMX/lmex/m/n on input line 29.
LaTeX Font Info:    Overwriting math alphabet `\mathbf' in version `normal'
(Font)                  OT1/cmr/bx/n --> OT1/lmr/bx/n on input line 31.
LaTeX Font Info:    Overwriting math alphabet `\mathsf' in version `normal'
(Font)                  OT1/cmss/m/n --> OT1/lmss/m/n on input line 32.
LaTeX Font Info:    Overwriting math alphabet `\mathit' in version `normal'
(Font)                  OT1/cmr/m/it --> OT1/lmr/m/it on input line 33.
LaTeX Font Info:    Overwriting math alphabet `\mathtt' in version `normal'
(Font)                  OT1/cmtt/m/n --> OT1/lmtt/m/n on input line 34.
LaTeX Font Info:    Overwriting math alphabet `\mathbf' in version `bold'
(Font)                  OT1/cmr/bx/n --> OT1/lmr/bx/n on input line 35.
LaTeX Font Info:    Overwriting math alphabet `\mathsf' in version `bold'
(Font)                  OT1/cmss/bx/n --> OT1/lmss/bx/n on input line 36.
LaTeX Font Info:    Overwriting math alphabet `\mathit' in version `bold'
(Font)                  OT1/cmr/bx/it --> OT1/lmr/bx/it on input line 37.
LaTeX Font Info:    Overwriting math alphabet `\mathtt' in version `bold'
(Font)                  OT1/cmtt/m/n --> OT1/lmtt/m/n on input line 38.
) (c:/texlive/2024/texmf-dist/tex/latex/tools/bm.sty
Package: bm 2023/12/19 v1.2f Bold Symbol Support (DPC/FMi)
\symboldoperators=\mathgroup6
\symboldletters=\mathgroup7
\symboldsymbols=\mathgroup8
Package bm Info: No bold for \OMX/lmex/m/n, using \pmb.
Package bm Info: No bold for \U/msa/m/n, using \pmb.
Package bm Info: No bold for \U/msb/m/n, using \pmb.
LaTeX Font Info:    Redeclaring math alphabet \mathbf on input line 149.
) (c:/texlive/2024/texmf-dist/tex/latex/sansmath/sansmath.sty
Package: sansmath 2007/02/28  ver 1.1 Donald Arseneau
\c@mv@sans=\count318
LaTeX Font Info:    Overwriting math alphabet `\mathrm' in version `sans'
(Font)                  OT1/cmr/m/n --> T1/lmss/m/n on input line 103.
LaTeX Font Info:    Overwriting math alphabet `\mathsfsl' in version `sans'
(Font)                  T1/lmss/m/sl --> T1/lmss/m/sl on input line 104.
LaTeX Font Info:    Overwriting symbol font `operators' in version `sans'
(Font)                  OT1/cmr/m/n --> OT1/lmss/m/n on input line 105.
LaTeX Font Info:    Overwriting symbol font `letters' in version `sans'
(Font)                  OML/cmm/m/it --> OML/cmm/m/it on input line 109.
LaTeX Font Info:    Overwriting symbol font `symbols' in version `sans'
(Font)                  OMS/cmsy/m/n --> OMS/cmsy/m/n on input line 110.
LaTeX Font Info:    Overwriting math alphabet `\mathsfbf' in version `sans'
(Font)                  T1/lmss/bx/sl --> T1/lmss/bx/n on input line 112.
)
LaTeX Font Info:    Overwriting math alphabet `\mathsfbf' in version `sans'
(Font)                  T1/lmss/bx/n --> T1/lmss/bx/sl on input line 37.
 (c:/texlive/2024/texmf-dist/tex/latex/etoolbox/etoolbox.sty
Package: etoolbox 2020/10/05 v2.5k e-TeX tools for LaTeX (JAW)
\etb@tempcnta=\count319
) (c:/texlive/2024/texmf-dist/tex/latex/mdframed/mdframed.sty
Package: mdframed 2013/07/01 1.9b: mdframed
 (c:/texlive/2024/texmf-dist/tex/latex/kvoptions/kvoptions.sty
Package: kvoptions 2022-06-15 v3.15 Key value format for package options (HO)
 (c:/texlive/2024/texmf-dist/tex/generic/ltxcmds/ltxcmds.sty
Package: ltxcmds 2023-12-04 v1.26 LaTeX kernel commands for general use (HO)
) (c:/texlive/2024/texmf-dist/tex/latex/kvsetkeys/kvsetkeys.sty
Package: kvsetkeys 2022-10-05 v1.19 Key value parser (HO)
)) (c:/texlive/2024/texmf-dist/tex/latex/l3packages/xparse/xparse.sty (c:/texlive/2024/texmf-dist/tex/latex/l3kernel/expl3.sty
Package: expl3 2024-08-30 L3 programming layer (loader) 
 (c:/texlive/2024/texmf-dist/tex/latex/l3backend/l3backend-pdftex.def
File: l3backend-pdftex.def 2024-05-08 L3 backend support: PDF output (pdfTeX)
\l__color_backend_stack_int=\count320
\l__pdf_internal_box=\box71
))
Package: xparse 2024-08-16 L3 Experimental document command parser
) (c:/texlive/2024/texmf-dist/tex/latex/zref/zref-abspage.sty
Package: zref-abspage 2023-09-14 v2.35 Module abspage for zref (HO)
 (c:/texlive/2024/texmf-dist/tex/latex/zref/zref-base.sty
Package: zref-base 2023-09-14 v2.35 Module base for zref (HO)
 (c:/texlive/2024/texmf-dist/tex/generic/infwarerr/infwarerr.sty
Package: infwarerr 2019/12/03 v1.5 Providing info/warning/error messages (HO)
) (c:/texlive/2024/texmf-dist/tex/generic/kvdefinekeys/kvdefinekeys.sty
Package: kvdefinekeys 2019-12-19 v1.6 Define keys (HO)
) (c:/texlive/2024/texmf-dist/tex/generic/pdftexcmds/pdftexcmds.sty
Package: pdftexcmds 2020-06-27 v0.33 Utility functions of pdfTeX for LuaTeX (HO)
Package pdftexcmds Info: \pdf@primitive is available.
Package pdftexcmds Info: \pdf@ifprimitive is available.
Package pdftexcmds Info: \pdfdraftmode found.
) (c:/texlive/2024/texmf-dist/tex/generic/etexcmds/etexcmds.sty
Package: etexcmds 2019/12/15 v1.7 Avoid name clashes with e-TeX commands (HO)
)
Package zref Info: New property list: main on input line 767.
Package zref Info: New property: default on input line 768.
Package zref Info: New property: page on input line 769.
)
\c@abspage=\count321
Package zref Info: New property: abspage on input line 67.
) (c:/texlive/2024/texmf-dist/tex/latex/needspace/needspace.sty
Package: needspace 2010/09/12 v1.3d reserve vertical space
)
\mdf@templength=\skip80
\c@mdf@globalstyle@cnt=\count322
\mdf@skipabove@length=\skip81
\mdf@skipbelow@length=\skip82
\mdf@leftmargin@length=\skip83
\mdf@rightmargin@length=\skip84
\mdf@innerleftmargin@length=\skip85
\mdf@innerrightmargin@length=\skip86
\mdf@innertopmargin@length=\skip87
\mdf@innerbottommargin@length=\skip88
\mdf@splittopskip@length=\skip89
\mdf@splitbottomskip@length=\skip90
\mdf@outermargin@length=\skip91
\mdf@innermargin@length=\skip92
\mdf@linewidth@length=\skip93
\mdf@innerlinewidth@length=\skip94
\mdf@middlelinewidth@length=\skip95
\mdf@outerlinewidth@length=\skip96
\mdf@roundcorner@length=\skip97
\mdf@footenotedistance@length=\skip98
\mdf@userdefinedwidth@length=\skip99
\mdf@needspace@length=\skip100
\mdf@frametitleaboveskip@length=\skip101
\mdf@frametitlebelowskip@length=\skip102
\mdf@frametitlerulewidth@length=\skip103
\mdf@frametitleleftmargin@length=\skip104
\mdf@frametitlerightmargin@length=\skip105
\mdf@shadowsize@length=\skip106
\mdf@extratopheight@length=\skip107
\mdf@subtitleabovelinewidth@length=\skip108
\mdf@subtitlebelowlinewidth@length=\skip109
\mdf@subtitleaboveskip@length=\skip110
\mdf@subtitlebelowskip@length=\skip111
\mdf@subtitleinneraboveskip@length=\skip112
\mdf@subtitleinnerbelowskip@length=\skip113
\mdf@subsubtitleabovelinewidth@length=\skip114
\mdf@subsubtitlebelowlinewidth@length=\skip115
\mdf@subsubtitleaboveskip@length=\skip116
\mdf@subsubtitlebelowskip@length=\skip117
\mdf@subsubtitleinneraboveskip@length=\skip118
\mdf@subsubtitleinnerbelowskip@length=\skip119
 (c:/texlive/2024/texmf-dist/tex/latex/mdframed/md-frame-0.mdf
File: md-frame-0.mdf 2013/07/01\ 1.9b: md-frame-0
)
\mdf@frametitlebox=\box72
\mdf@footnotebox=\box73
\mdf@splitbox@one=\box74
\mdf@splitbox@two=\box75
\mdf@splitbox@save=\box76
\mdfsplitboxwidth=\skip120
\mdfsplitboxtotalwidth=\skip121
\mdfsplitboxheight=\skip122
\mdfsplitboxdepth=\skip123
\mdfsplitboxtotalheight=\skip124
\mdfframetitleboxwidth=\skip125
\mdfframetitleboxtotalwidth=\skip126
\mdfframetitleboxheight=\skip127
\mdfframetitleboxdepth=\skip128
\mdfframetitleboxtotalheight=\skip129
\mdffootnoteboxwidth=\skip130
\mdffootnoteboxtotalwidth=\skip131
\mdffootnoteboxheight=\skip132
\mdffootnoteboxdepth=\skip133
\mdffootnoteboxtotalheight=\skip134
\mdftotallinewidth=\skip135
\mdfboundingboxwidth=\skip136
\mdfboundingboxtotalwidth=\skip137
\mdfboundingboxheight=\skip138
\mdfboundingboxdepth=\skip139
\mdfboundingboxtotalheight=\skip140
\mdf@freevspace@length=\skip141
\mdf@horizontalwidthofbox@length=\skip142
\mdf@verticalmarginwhole@length=\skip143
\mdf@horizontalspaceofbox=\skip144
\mdfsubtitleheight=\skip145
\mdfsubsubtitleheight=\skip146
\c@mdfcountframes=\count323

****** mdframed patching \endmdf@trivlist

****** -- success******

\mdf@envdepth=\count324
\c@mdf@env@i=\count325
\c@mdf@env@ii=\count326
\c@mdf@zref@counter=\count327
Package zref Info: New property: mdf@pagevalue on input line 895.
) (c:/texlive/2024/texmf-dist/tex/latex/ncctools/nccmath.sty
Package: nccmath 2006/01/20 v1.3 Additional Math Commands (NCC)
\NCC@fracrulewidth=\dimen281
) (c:/texlive/2024/texmf-dist/tex/latex/graphics/dvipsnam.def
File: dvipsnam.def 2016/06/17 v3.0m Driver-dependent file (DPC,SPQR)
) (c:/texlive/2024/texmf-dist/tex/latex/bbm-macros/bbm.sty
Package: bbm 1999/03/15 V 1.2 provides fonts for set symbols - TH
LaTeX Font Info:    Overwriting math alphabet `\mathbbm' in version `bold'
(Font)                  U/bbm/m/n --> U/bbm/bx/n on input line 33.
LaTeX Font Info:    Overwriting math alphabet `\mathbbmss' in version `bold'
(Font)                  U/bbmss/m/n --> U/bbmss/bx/n on input line 35.
) (c:/texlive/2024/texmf-dist/tex/latex/bbold/bbold.sty
Package: bbold 1994/04/06 Bbold symbol package
LaTeX Font Info:    Redeclaring math alphabet \mathbb on input line 42.
) (c:/texlive/2024/texmf-dist/tex/latex/relsize/relsize.sty
Package: relsize 2013/03/29 ver 4.1
) (c:/texlive/2024/texmf-dist/tex/latex/amscls/amsthm.sty
Package: amsthm 2020/05/29 v2.20.6
\thm@style=\toks34
\thm@bodyfont=\toks35
\thm@headfont=\toks36
\thm@notefont=\toks37
\thm@headpunct=\toks38
\thm@preskip=\skip147
\thm@postskip=\skip148
\thm@headsep=\skip149
\dth@everypar=\toks39
)
\c@theorem=\count328
 (c:/texlive/2024/texmf-dist/tex/latex/thmtools/thmtools.sty
Package: thmtools 2023/05/04 v0.76
\thmt@toks=\toks40
\c@thmt@dummyctr=\count329
 (c:/texlive/2024/texmf-dist/tex/latex/thmtools/thm-patch.sty
Package: thm-patch 2023/05/04 v0.76
 (c:/texlive/2024/texmf-dist/tex/latex/thmtools/parseargs.sty
Package: parseargs 2023/05/04 v0.76
\@parsespec=\toks41
)) (c:/texlive/2024/texmf-dist/tex/latex/thmtools/thm-kv.sty
Package: thm-kv 2023/05/04 v0.76
Package thm-kv Info: Theorem names will be uppercased on input line 42.
Package thm-kv Info: kvsetkeys patch (v1.16 or later) on input line 158.
) (c:/texlive/2024/texmf-dist/tex/latex/thmtools/thm-autoref.sty
Package: thm-autoref 2023/05/04 v0.76
 (c:/texlive/2024/texmf-dist/tex/latex/thmtools/aliasctr.sty
Package: aliasctr 2023/05/04 v0.76
)) (c:/texlive/2024/texmf-dist/tex/latex/thmtools/thm-listof.sty
Package: thm-listof 2023/05/04 v0.76
) (c:/texlive/2024/texmf-dist/tex/latex/thmtools/thm-restate.sty
Package: thm-restate 2023/05/04 v0.76
) (c:/texlive/2024/texmf-dist/tex/latex/thmtools/thm-amsthm.sty
Package: thm-amsthm 2023/05/04 v0.76
\thmt@style@headstyle=\toks42
))
\c@definition=\count330
\c@claim=\count331
\c@proposition=\count332
\c@example=\count333
 (c:/texlive/2024/texmf-dist/tex/latex/cleveref/cleveref.sty
Package: cleveref 2018/03/27 v0.21.4 Intelligent cross-referencing
Package cleveref Info: `amsthm' support loaded on input line 3026.
Package cleveref Info: `subfig' support loaded on input line 3164.
)
LaTeX Font Info:    Trying to load font information for OT1+lmr on input line 107.
 (c:/texlive/2024/texmf-dist/tex/latex/lm/ot1lmr.fd
File: ot1lmr.fd 2015/05/01 v1.6.1 Font defs for Latin Modern
) (./main.aux)
\openout1 = `main.aux'.

LaTeX Font Info:    Checking defaults for OML/cmm/m/it on input line 107.
LaTeX Font Info:    ... okay on input line 107.
LaTeX Font Info:    Checking defaults for OMS/cmsy/m/n on input line 107.
LaTeX Font Info:    ... okay on input line 107.
LaTeX Font Info:    Checking defaults for OT1/cmr/m/n on input line 107.
LaTeX Font Info:    ... okay on input line 107.
LaTeX Font Info:    Checking defaults for T1/cmr/m/n on input line 107.
LaTeX Font Info:    ... okay on input line 107.
LaTeX Font Info:    Checking defaults for TS1/cmr/m/n on input line 107.
LaTeX Font Info:    ... okay on input line 107.
LaTeX Font Info:    Checking defaults for OMX/cmex/m/n on input line 107.
LaTeX Font Info:    ... okay on input line 107.
LaTeX Font Info:    Checking defaults for U/cmr/m/n on input line 107.
LaTeX Font Info:    ... okay on input line 107.

*geometry* driver: auto-detecting
*geometry* detected driver: pdftex
*geometry* verbose mode - [ preamble ] result:
* driver: pdftex
* paper: a4paper
* layout: <same size as paper>
* layoutoffset:(h,v)=(0.0pt,0.0pt)
* modes: 
* h-part:(L,W,R)=(71.1319pt, 455.24408pt, 71.1319pt)
* v-part:(T,H,B)=(76.25339pt, 654.41338pt, 114.38008pt)
* \paperwidth=597.50787pt
* \paperheight=845.04684pt
* \textwidth=455.24408pt
* \textheight=654.41338pt
* \oddsidemargin=-1.13809pt
* \evensidemargin=-1.13809pt
* \topmargin=-33.0166pt
* \headheight=12.0pt
* \headsep=25.0pt
* \topskip=12.0pt
* \footskip=30.0pt
* \marginparwidth=44.0pt
* \marginparsep=10.0pt
* \columnsep=10.0pt
* \skip\footins=10.8pt plus 4.0pt minus 2.0pt
* \hoffset=0.0pt
* \voffset=0.0pt
* \mag=1000
* \@twocolumnfalse
* \@twosidefalse
* \@mparswitchfalse
* \@reversemarginfalse
* (1in=72.27pt=25.4mm, 1cm=28.453pt)

(c:/texlive/2024/texmf-dist/tex/context/base/mkii/supp-pdf.mkii
[Loading MPS to PDF converter (version 2006.09.02).]
\scratchcounter=\count334
\scratchdimen=\dimen282
\scratchbox=\box77
\nofMPsegments=\count335
\nofMParguments=\count336
\everyMPshowfont=\toks43
\MPscratchCnt=\count337
\MPscratchDim=\dimen283
\MPnumerator=\count338
\makeMPintoPDFobject=\count339
\everyMPtoPDFconversion=\toks44
) (c:/texlive/2024/texmf-dist/tex/latex/epstopdf-pkg/epstopdf-base.sty
Package: epstopdf-base 2020-01-24 v2.11 Base part for package epstopdf
Package epstopdf-base Info: Redefining graphics rule for `.eps' on input line 485.
 (c:/texlive/2024/texmf-dist/tex/latex/latexconfig/epstopdf-sys.cfg
File: epstopdf-sys.cfg 2010/07/13 v1.3 Configuration of (r)epstopdf for TeX Live
)) (c:/texlive/2024/texmf-dist/tex/latex/pdflscape/pdflscape.sty
Package: pdflscape 2022-10-27 v0.13 Display of landscape pages in PDF
 (c:/texlive/2024/texmf-dist/tex/latex/pdflscape/pdflscape-nometadata.sty
Package: pdflscape-nometadata 2022-10-28 v0.13 Display of landscape pages in PDF (HO)
 (c:/texlive/2024/texmf-dist/tex/latex/graphics/lscape.sty
Package: lscape 2020/05/28 v3.02 Landscape Pages (DPC)
)
Package pdflscape Info: Auto-detected driver: pdftex on input line 81.
))
\Hy@linkcounter=\count340
Package caption Info: Begin \AtBeginDocument code.
Package caption Info: subfig package v1.3 is loaded.
Package caption Info: longtable package is loaded.
 (c:/texlive/2024/texmf-dist/tex/latex/caption/ltcaption.sty
Package: ltcaption 2021/01/08 v1.4c longtable captions (AR)
)
Package caption Info: End \AtBeginDocument code.
LaTeX Font Info:    Trying to load font information for OML+lmm on input line 109.
 (c:/texlive/2024/texmf-dist/tex/latex/lm/omllmm.fd
File: omllmm.fd 2015/05/01 v1.6.1 Font defs for Latin Modern
)
LaTeX Font Info:    Trying to load font information for OMS+lmsy on input line 109.
 (c:/texlive/2024/texmf-dist/tex/latex/lm/omslmsy.fd
File: omslmsy.fd 2015/05/01 v1.6.1 Font defs for Latin Modern
)
LaTeX Font Info:    Trying to load font information for OMX+lmex on input line 109.
 (c:/texlive/2024/texmf-dist/tex/latex/lm/omxlmex.fd
File: omxlmex.fd 2015/05/01 v1.6.1 Font defs for Latin Modern
)
LaTeX Font Info:    External font `lmex10' loaded for size
(Font)              <14.4> on input line 109.
LaTeX Font Info:    External font `lmex10' loaded for size
(Font)              <10> on input line 109.
LaTeX Font Info:    External font `lmex10' loaded for size
(Font)              <7> on input line 109.
LaTeX Font Info:    Trying to load font information for U+msa on input line 109.
 (c:/texlive/2024/texmf-dist/tex/latex/amsfonts/umsa.fd
File: umsa.fd 2013/01/14 v3.01 AMS symbols A
)
LaTeX Font Info:    Trying to load font information for U+msb on input line 109.
 (c:/texlive/2024/texmf-dist/tex/latex/amsfonts/umsb.fd
File: umsb.fd 2013/01/14 v3.01 AMS symbols B
)
LaTeX Font Info:    External font `lmex10' loaded for size
(Font)              <12> on input line 115.
LaTeX Font Info:    External font `lmex10' loaded for size
(Font)              <8> on input line 115.
LaTeX Font Info:    External font `lmex10' loaded for size
(Font)              <6> on input line 115.
LaTeX Font Info:    Trying to load font information for U+bbold on input line 117.
 (c:/texlive/2024/texmf-dist/tex/latex/bbold/Ubbold.fd)
Overfull \hbox (2.04427pt too wide) in paragraph at lines 134--135
[]\OT1/lmr/m/it/12 Optimal so-lu-tions to bal-anced growth prob-lems are el-e-men-tary growth modes (EGMs). 
 []



[1

{c:/texlive/2024/texmf-var/fonts/map/pdftex/updmap/pdftex.map}{c:/texlive/2024/texmf-dist/fonts/enc/dvips/lm/lm-rm.enc}{c:/texlive/2024/texmf-dist/fonts/enc/dvips/lm/lm-mathit.enc}{c:/texlive/2024/texmf-dist/fonts/enc/dvips/lm/lm-mathsy.enc}{c:/texlive/2024/texmf-dist/fonts/enc/dvips/lm/lm-mathex.enc}]

[2]

[3]

[4]

[5]
LaTeX Font Info:    Trying to load font information for OT1+lmss on input line 393.
 (c:/texlive/2024/texmf-dist/tex/latex/lm/ot1lmss.fd
File: ot1lmss.fd 2015/05/01 v1.6.1 Font defs for Latin Modern
)

[6]
LaTeX Font Info:    Trying to load font information for TS1+lmr on input line 420.
 (c:/texlive/2024/texmf-dist/tex/latex/lm/ts1lmr.fd
File: ts1lmr.fd 2015/05/01 v1.6.1 Font defs for Latin Modern
)

[7{c:/texlive/2024/texmf-dist/fonts/enc/dvips/lm/lm-ts1.enc}]

[8]

[9]

[10]

[11]

[12]
Overfull \hbox (1.23639pt too wide) in alignment at lines 571--576
 [] [] 
 []


Overfull \hbox (1.23639pt too wide) in alignment at lines 576--583
 [] [] 
 []


Overfull \hbox (1.23639pt too wide) in alignment at lines 583--588
 [] [] 
 []


Overfull \hbox (1.23639pt too wide) in alignment at lines 588--591
 [] [] 
 []


Overfull \hbox (1.23639pt too wide) in alignment at lines 591--637
 [] [] 
 []

[13]

[14]
Overfull \hbox (8.88158pt too wide) in paragraph at lines 647--647
[]|\OT1/lmr/bx/n/12 Organism(s)|  
 []


Overfull \hbox (23.57962pt too wide) in alignment at lines 644--650
 [] [] [] [] [] 
 []


Overfull \hbox (8.88158pt too wide) in paragraph at lines 655--655
[]|\OT1/lmr/bx/n/12 Organism(s)|  
 []


Overfull \hbox (23.57962pt too wide) in alignment at lines 650--658
 [] [] [] [] [] 
 []


Overfull \hbox (23.57962pt too wide) in alignment at lines 658--663
 [] [] [] [] [] 
 []


Overfull \hbox (23.57962pt too wide) in alignment at lines 663--666
 [] [] [] [] [] 
 []


Overfull \hbox (3.17743pt too wide) in paragraph at lines 670--670
|   []|  
 []


Overfull \hbox (6.44142pt too wide) in paragraph at lines 689--689
|   []\OT1/lmr/m/n/12 , 
 []


Overfull \hbox (23.57962pt too wide) in alignment at lines 666--693
 [] [] [] [] [] 
 []

[15]

[16]

[17]

[18]

LaTeX Warning: Reference `eq:mu1' on page 19 undefined on input line 799.


LaTeX Warning: Reference `eq:mu2' on page 19 undefined on input line 803.


LaTeX Warning: Reference `eq:mu3' on page 19 undefined on input line 803.


LaTeX Warning: Reference `eq:mu1' on page 19 undefined on input line 813.


LaTeX Warning: Reference `eq:mu2' on page 19 undefined on input line 817.



[19]

[20] (./main.aux)
 ***********
LaTeX2e <2024-06-01> patch level 2
L3 programming layer <2024-08-30>
 ***********


LaTeX Warning: There were undefined references.

 ) 
Here is how much of TeX's memory you used:
 13906 strings out of 473579
 248700 string characters out of 5732263
 732080 words of memory out of 5000000
 36471 multiletter control sequences out of 15000+600000
 625107 words of font info for 102 fonts, out of 8000000 for 9000
 1141 hyphenation exceptions out of 8191
 108i,10n,107p,1017b,364s stack positions out of 10000i,1000n,20000p,200000b,200000s
<c:/texlive/2024/texmf-dist/fonts/type1/public/bbold-type1/bbold10.pfb><c:/texlive/2024/texmf-dist/fonts/type1/public/lm/lmbx12.pfb><c:/texlive/2024/texmf-dist/fonts/type1/public/lm/lmex10.pfb><c:/texlive/2024/texmf-dist/fonts/type1/public/lm/lmmi12.pfb><c:/texlive/2024/texmf-dist/fonts/type1/public/lm/lmmi6.pfb><c:/texlive/2024/texmf-dist/fonts/type1/public/lm/lmmi8.pfb><c:/texlive/2024/texmf-dist/fonts/type1/public/lm/lmmib10.pfb><c:/texlive/2024/texmf-dist/fonts/type1/public/lm/lmr10.pfb><c:/texlive/2024/texmf-dist/fonts/type1/public/lm/lmr12.pfb><c:/texlive/2024/texmf-dist/fonts/type1/public/lm/lmr17.pfb><c:/texlive/2024/texmf-dist/fonts/type1/public/lm/lmr6.pfb><c:/texlive/2024/texmf-dist/fonts/type1/public/lm/lmr8.pfb><c:/texlive/2024/texmf-dist/fonts/type1/public/lm/lmri12.pfb><c:/texlive/2024/texmf-dist/fonts/type1/public/lm/lmss12.pfb><c:/texlive/2024/texmf-dist/fonts/type1/public/lm/lmssbx10.pfb><c:/texlive/2024/texmf-dist/fonts/type1/public/lm/lmsy10.pfb><c:/texlive/2024/texmf-dist/fonts/type1/public/lm/lmsy6.pfb><c:/texlive/2024/texmf-dist/fonts/type1/public/lm/lmsy8.pfb><c:/texlive/2024/texmf-dist/fonts/type1/public/amsfonts/symbols/msbm10.pfb>
Output written on main.pdf (20 pages, 338156 bytes).
PDF statistics:
 173 PDF objects out of 1000 (max. 8388607)
 110 compressed objects within 2 object streams
 0 named destinations out of 1000 (max. 500000)
 1 words of extra memory for PDF output out of 10000 (max. 10000000)

