This is pdfTeX, Version 3.141592653-2.6-1.40.26 (TeX Live 2024) (preloaded format=pdflatex 2024.9.21)  29 SEP 2025 01:10
entering extended mode
 restricted \write18 enabled.
 file:line:error style messages enabled.
 %&-line parsing enabled.
**"c:/DATA/LaTeX Projects/Proteome_Partition_SI/main.tex"
(c:/DATA/LaTeX Projects/Proteome_Partition_SI/main.tex
LaTeX2e <2024-06-01> patch level 2
L3 programming layer <2024-08-30>
(./osa-supplemental-document.cls
Document Class: osa-supplemental-document 2022/03/31, v1.1
(c:/texlive/2024/texmf-dist/tex/latex/extsizes/extarticle.cls
Document Class: extarticle 1996/10/08 v1.0 Non Standard LaTeX document class
(c:/texlive/2024/texmf-dist/tex/latex/extsizes/size9.clo
File: size9.clo 1999/11/11 v1.4a NON-Standard LaTeX file (size option)
) (c:/texlive/2024/texmf-dist/tex/latex/base/exscale.sty
Package: exscale 2018/09/24 v2.1i Standard LaTeX package exscale
LaTeX Font Info:    Redeclaring symbol font `largesymbols' on input line 57.
LaTeX Font Info:    Overwriting symbol font `largesymbols' in version `normal'
(Font)                  OMX/cmex/m/n --> OMX/cmex/m/n on input line 57.
LaTeX Font Info:    Overwriting symbol font `largesymbols' in version `bold'
(Font)                  OMX/cmex/m/n --> OMX/cmex/m/n on input line 57.
\big@size=\dimen141
)
\c@part=\count194
\c@section=\count195
\c@subsection=\count196
\c@subsubsection=\count197
\c@paragraph=\count198
\c@subparagraph=\count199
\c@figure=\count266
\c@table=\count267
\abovecaptionskip=\skip49
\belowcaptionskip=\skip50
\bibindent=\dimen142
) (c:/texlive/2024/texmf-dist/tex/latex/base/inputenc.sty
Package: inputenc 2024/02/08 v1.3d Input encoding file
\inpenc@prehook=\toks17
\inpenc@posthook=\toks18
) (c:/texlive/2024/texmf-dist/tex/generic/babel/babel.sty
Package: babel 2024/09/18 v24.10 The Babel package
\babel@savecnt=\count268
\U@D=\dimen143
\l@unhyphenated=\language89
 (c:/texlive/2024/texmf-dist/tex/generic/babel/txtbabel.def)
\bbl@readstream=\read2
\bbl@dirlevel=\count269
 (c:/texlive/2024/texmf-dist/tex/generic/babel-english/english.ldf
Language: english 2017/06/06 v3.3r English support from the babel system
Package babel Info: Hyphen rules for 'canadian' set to \l@english
(babel)             (\language0). Reported on input line 102.
Package babel Info: Hyphen rules for 'australian' set to \l@ukenglish
(babel)             (\language23). Reported on input line 105.
Package babel Info: Hyphen rules for 'newzealand' set to \l@ukenglish
(babel)             (\language23). Reported on input line 108.
)) (c:/texlive/2024/texmf-dist/tex/generic/babel/locale/en/babel-english.tex
Package babel Info: Importing font and identification data for english
(babel)             from babel-en.ini. Reported on input line 11.
) (c:/texlive/2024/texmf-dist/tex/latex/amsmath/amsmath.sty
Package: amsmath 2024/05/23 v2.17q AMS math features
\@mathmargin=\skip51

For additional information on amsmath, use the `?' option.
(c:/texlive/2024/texmf-dist/tex/latex/amsmath/amstext.sty
Package: amstext 2021/08/26 v2.01 AMS text
 (c:/texlive/2024/texmf-dist/tex/latex/amsmath/amsgen.sty
File: amsgen.sty 1999/11/30 v2.0 generic functions
\@emptytoks=\toks19
\ex@=\dimen144
)) (c:/texlive/2024/texmf-dist/tex/latex/amsmath/amsbsy.sty
Package: amsbsy 1999/11/29 v1.2d Bold Symbols
\pmbraise@=\dimen145
) (c:/texlive/2024/texmf-dist/tex/latex/amsmath/amsopn.sty
Package: amsopn 2022/04/08 v2.04 operator names
)
\inf@bad=\count270
LaTeX Info: Redefining \frac on input line 233.
\uproot@=\count271
\leftroot@=\count272
LaTeX Info: Redefining \overline on input line 398.
LaTeX Info: Redefining \colon on input line 409.
\classnum@=\count273
\DOTSCASE@=\count274
LaTeX Info: Redefining \ldots on input line 495.
LaTeX Info: Redefining \dots on input line 498.
LaTeX Info: Redefining \cdots on input line 619.
\Mathstrutbox@=\box52
\strutbox@=\box53
LaTeX Info: Redefining \big on input line 721.
LaTeX Info: Redefining \Big on input line 722.
LaTeX Info: Redefining \bigg on input line 723.
LaTeX Info: Redefining \Bigg on input line 724.
\big@size=\dimen146
LaTeX Font Info:    Redeclaring font encoding OML on input line 742.
LaTeX Font Info:    Redeclaring font encoding OMS on input line 743.
\macc@depth=\count275
LaTeX Info: Redefining \bmod on input line 904.
LaTeX Info: Redefining \pmod on input line 909.
LaTeX Info: Redefining \smash on input line 939.
LaTeX Info: Redefining \relbar on input line 969.
LaTeX Info: Redefining \Relbar on input line 970.
\c@MaxMatrixCols=\count276
\dotsspace@=\muskip17
\c@parentequation=\count277
\dspbrk@lvl=\count278
\tag@help=\toks20
\row@=\count279
\column@=\count280
\maxfields@=\count281
\andhelp@=\toks21
\eqnshift@=\dimen147
\alignsep@=\dimen148
\tagshift@=\dimen149
\tagwidth@=\dimen150
\totwidth@=\dimen151
\lineht@=\dimen152
\@envbody=\toks22
\multlinegap=\skip52
\multlinetaggap=\skip53
\mathdisplay@stack=\toks23
LaTeX Info: Redefining \[ on input line 2953.
LaTeX Info: Redefining \] on input line 2954.
) (c:/texlive/2024/texmf-dist/tex/latex/amsfonts/amsfonts.sty
Package: amsfonts 2013/01/14 v3.01 Basic AMSFonts support
\symAMSa=\mathgroup4
\symAMSb=\mathgroup5
LaTeX Font Info:    Redeclaring math symbol \hbar on input line 98.
LaTeX Font Info:    Overwriting math alphabet `\mathfrak' in version `bold'
(Font)                  U/euf/m/n --> U/euf/b/n on input line 106.
) (c:/texlive/2024/texmf-dist/tex/latex/amsfonts/amssymb.sty
Package: amssymb 2013/01/14 v3.01 AMS font symbols
) (c:/texlive/2024/texmf-dist/tex/latex/mathtools/mathtools.sty
Package: mathtools 2024/03/11 v1.30 mathematical typesetting tools
 (c:/texlive/2024/texmf-dist/tex/latex/graphics/keyval.sty
Package: keyval 2022/05/29 v1.15 key=value parser (DPC)
\KV@toks@=\toks24
) (c:/texlive/2024/texmf-dist/tex/latex/tools/calc.sty
Package: calc 2023/07/08 v4.3 Infix arithmetic (KKT,FJ)
\calc@Acount=\count282
\calc@Bcount=\count283
\calc@Adimen=\dimen153
\calc@Bdimen=\dimen154
\calc@Askip=\skip54
\calc@Bskip=\skip55
LaTeX Info: Redefining \setlength on input line 80.
LaTeX Info: Redefining \addtolength on input line 81.
\calc@Ccount=\count284
\calc@Cskip=\skip56
) (c:/texlive/2024/texmf-dist/tex/latex/mathtools/mhsetup.sty
Package: mhsetup 2021/03/18 v1.4 programming setup (MH)
)
\g_MT_multlinerow_int=\count285
\l_MT_multwidth_dim=\dimen155
\origjot=\skip57
\l_MT_shortvdotswithinadjustabove_dim=\dimen156
\l_MT_shortvdotswithinadjustbelow_dim=\dimen157
\l_MT_above_intertext_sep=\dimen158
\l_MT_below_intertext_sep=\dimen159
\l_MT_above_shortintertext_sep=\dimen160
\l_MT_below_shortintertext_sep=\dimen161
\xmathstrut@box=\box54
\xmathstrut@dim=\dimen162
) (c:/texlive/2024/texmf-dist/tex/latex/psnfss/mathpazo.sty
Package: mathpazo 2020/03/25 PSNFSS-v9.3 Palatino w/ Pazo Math (D.Puga, WaS) 
\symupright=\mathgroup6
) (c:/texlive/2024/texmf-dist/tex/latex/psnfss/helvet.sty
Package: helvet 2020/03/25 PSNFSS-v9.3 (WaS) 
) (c:/texlive/2024/texmf-dist/tex/latex/base/fontenc.sty
Package: fontenc 2021/04/29 v2.0v Standard LaTeX package
LaTeX Font Info:    Trying to load font information for T1+ppl on input line 116.
 (c:/texlive/2024/texmf-dist/tex/latex/psnfss/t1ppl.fd
File: t1ppl.fd 2001/06/04 font definitions for T1/ppl.
)) (c:/texlive/2024/texmf-dist/tex/latex/url/url.sty
\Urlmuskip=\muskip18
Package: url 2013/09/16  ver 3.4  Verb mode for urls, etc.
) (c:/texlive/2024/texmf-dist/tex/latex/hyperref/hyperref.sty
Package: hyperref 2024-07-10 v7.01j Hypertext links for LaTeX
 (c:/texlive/2024/texmf-dist/tex/generic/iftex/iftex.sty
Package: iftex 2022/02/03 v1.0f TeX engine tests
) (c:/texlive/2024/texmf-dist/tex/latex/kvsetkeys/kvsetkeys.sty
Package: kvsetkeys 2022-10-05 v1.19 Key value parser (HO)
) (c:/texlive/2024/texmf-dist/tex/generic/kvdefinekeys/kvdefinekeys.sty
Package: kvdefinekeys 2019-12-19 v1.6 Define keys (HO)
) (c:/texlive/2024/texmf-dist/tex/generic/pdfescape/pdfescape.sty
Package: pdfescape 2019/12/09 v1.15 Implements pdfTeX's escape features (HO)
 (c:/texlive/2024/texmf-dist/tex/generic/ltxcmds/ltxcmds.sty
Package: ltxcmds 2023-12-04 v1.26 LaTeX kernel commands for general use (HO)
) (c:/texlive/2024/texmf-dist/tex/generic/pdftexcmds/pdftexcmds.sty
Package: pdftexcmds 2020-06-27 v0.33 Utility functions of pdfTeX for LuaTeX (HO)
 (c:/texlive/2024/texmf-dist/tex/generic/infwarerr/infwarerr.sty
Package: infwarerr 2019/12/03 v1.5 Providing info/warning/error messages (HO)
)
Package pdftexcmds Info: \pdf@primitive is available.
Package pdftexcmds Info: \pdf@ifprimitive is available.
Package pdftexcmds Info: \pdfdraftmode found.
)) (c:/texlive/2024/texmf-dist/tex/latex/hycolor/hycolor.sty
Package: hycolor 2020-01-27 v1.10 Color options for hyperref/bookmark (HO)
) (c:/texlive/2024/texmf-dist/tex/latex/hyperref/nameref.sty
Package: nameref 2023-11-26 v2.56 Cross-referencing by name of section
 (c:/texlive/2024/texmf-dist/tex/latex/refcount/refcount.sty
Package: refcount 2019/12/15 v3.6 Data extraction from label references (HO)
) (c:/texlive/2024/texmf-dist/tex/generic/gettitlestring/gettitlestring.sty
Package: gettitlestring 2019/12/15 v1.6 Cleanup title references (HO)
 (c:/texlive/2024/texmf-dist/tex/latex/kvoptions/kvoptions.sty
Package: kvoptions 2022-06-15 v3.15 Key value format for package options (HO)
))
\c@section@level=\count286
) (c:/texlive/2024/texmf-dist/tex/latex/etoolbox/etoolbox.sty
Package: etoolbox 2020/10/05 v2.5k e-TeX tools for LaTeX (JAW)
\etb@tempcnta=\count287
) (c:/texlive/2024/texmf-dist/tex/generic/stringenc/stringenc.sty
Package: stringenc 2019/11/29 v1.12 Convert strings between diff. encodings (HO)
)
\@linkdim=\dimen163
\Hy@linkcounter=\count288
\Hy@pagecounter=\count289
 (c:/texlive/2024/texmf-dist/tex/latex/hyperref/pd1enc.def
File: pd1enc.def 2024-07-10 v7.01j Hyperref: PDFDocEncoding definition (HO)
Now handling font encoding PD1 ...
... no UTF-8 mapping file for font encoding PD1
) (c:/texlive/2024/texmf-dist/tex/generic/intcalc/intcalc.sty
Package: intcalc 2019/12/15 v1.3 Expandable calculations with integers (HO)
)
\Hy@SavedSpaceFactor=\count290
 (c:/texlive/2024/texmf-dist/tex/latex/hyperref/puenc.def
File: puenc.def 2024-07-10 v7.01j Hyperref: PDF Unicode definition (HO)
Now handling font encoding PU ...
... no UTF-8 mapping file for font encoding PU
)
Package hyperref Info: Option `colorlinks' set `true' on input line 4040.
Package hyperref Info: Hyper figures OFF on input line 4157.
Package hyperref Info: Link nesting OFF on input line 4162.
Package hyperref Info: Hyper index ON on input line 4165.
Package hyperref Info: Plain pages OFF on input line 4172.
Package hyperref Info: Backreferencing OFF on input line 4177.
Package hyperref Info: Implicit mode ON; LaTeX internals redefined.
Package hyperref Info: Bookmarks ON on input line 4424.
\c@Hy@tempcnt=\count291
LaTeX Info: Redefining \url on input line 4763.
\XeTeXLinkMargin=\dimen164
 (c:/texlive/2024/texmf-dist/tex/generic/bitset/bitset.sty
Package: bitset 2019/12/09 v1.3 Handle bit-vector datatype (HO)
 (c:/texlive/2024/texmf-dist/tex/generic/bigintcalc/bigintcalc.sty
Package: bigintcalc 2019/12/15 v1.5 Expandable calculations on big integers (HO)
))
\Fld@menulength=\count292
\Field@Width=\dimen165
\Fld@charsize=\dimen166
Package hyperref Info: Hyper figures OFF on input line 6042.
Package hyperref Info: Link nesting OFF on input line 6047.
Package hyperref Info: Hyper index ON on input line 6050.
Package hyperref Info: backreferencing OFF on input line 6057.
Package hyperref Info: Link coloring ON on input line 6060.
Package hyperref Info: Link coloring with OCG OFF on input line 6067.
Package hyperref Info: PDF/A mode OFF on input line 6072.
 (c:/texlive/2024/texmf-dist/tex/latex/base/atbegshi-ltx.sty
Package: atbegshi-ltx 2021/01/10 v1.0c Emulation of the original atbegshi
package with kernel methods
)
\Hy@abspage=\count293
\c@Item=\count294
\c@Hfootnote=\count295
)
Package hyperref Info: Driver (autodetected): hpdftex.
 (c:/texlive/2024/texmf-dist/tex/latex/hyperref/hpdftex.def
File: hpdftex.def 2024-07-10 v7.01j Hyperref driver for pdfTeX
 (c:/texlive/2024/texmf-dist/tex/latex/base/atveryend-ltx.sty
Package: atveryend-ltx 2020/08/19 v1.0a Emulation of the original atveryend package
with kernel methods
)
\Fld@listcount=\count296
\c@bookmark@seq@number=\count297
 (c:/texlive/2024/texmf-dist/tex/latex/rerunfilecheck/rerunfilecheck.sty
Package: rerunfilecheck 2022-07-10 v1.10 Rerun checks for auxiliary files (HO)
 (c:/texlive/2024/texmf-dist/tex/generic/uniquecounter/uniquecounter.sty
Package: uniquecounter 2019/12/15 v1.4 Provide unlimited unique counter (HO)
)
Package uniquecounter Info: New unique counter `rerunfilecheck' on input line 285.
)
\Hy@SectionHShift=\skip58
) (c:/texlive/2024/texmf-dist/tex/latex/cleveref/cleveref.sty
Package: cleveref 2018/03/27 v0.21.4 Intelligent cross-referencing
Package cleveref Info: `hyperref' support loaded on input line 2370.
LaTeX Info: Redefining \cref on input line 2370.
LaTeX Info: Redefining \Cref on input line 2370.
LaTeX Info: Redefining \crefrange on input line 2370.
LaTeX Info: Redefining \Crefrange on input line 2370.
LaTeX Info: Redefining \cpageref on input line 2370.
LaTeX Info: Redefining \Cpageref on input line 2370.
LaTeX Info: Redefining \cpagerefrange on input line 2370.
LaTeX Info: Redefining \Cpagerefrange on input line 2370.
LaTeX Info: Redefining \labelcref on input line 2370.
LaTeX Info: Redefining \labelcpageref on input line 2370.
Package cleveref Info: no abbreviation of names on input line 7852.
) (c:/texlive/2024/texmf-dist/tex/latex/preprint/authblk.sty
Package: authblk 2001/02/27 1.3 (PWD)
\affilsep=\skip59
\@affilsep=\skip60
\c@Maxaffil=\count298
\c@authors=\count299
\c@affil=\count300
) (c:/texlive/2024/texmf-dist/tex/latex/xifthen/xifthen.sty
Package: xifthen 2015/11/05 v1.4.0 Extended ifthen features
 (c:/texlive/2024/texmf-dist/tex/latex/base/ifthen.sty
Package: ifthen 2024/03/16 v1.1e Standard LaTeX ifthen package (DPC)
) (c:/texlive/2024/texmf-dist/tex/latex/ifmtarg/ifmtarg.sty
Package: ifmtarg 2018/04/16 v1.2b check for an empty argument
)) (c:/texlive/2024/texmf-dist/tex/latex/silence/silence.sty
Package: silence 2012/07/02 v1.5b Selective filtering of warnings and error messages
\sl@Save=\count301
\sl@StateNumber=\count302
\sl@MessageCount=\count303
\sl@Casualties=\count304
\sl@Filter=\toks25
\sl@Message=\toks26
\sl@UnexpandedMessage=\toks27
\sl@Mess@ge=\toks28
\sl@WarningCount=\count305
\sl@WarningNumber=\count306
\sl@WarningCasualties=\count307
\sl@TempBOW=\toks29
\sl@BankOfWarnings=\toks30
LaTeX Info: Redefining \GenericWarning on input line 433.
\sl@ErrorCount=\count308
\sl@ErrorNumber=\count309
\sl@ErrorCasualties=\count310
\sl@TempBOE=\toks31
\sl@BankOfErrors=\toks32
LaTeX Info: Redefining \GenericError on input line 601.
) (c:/texlive/2024/texmf-dist/tex/latex/base/textcomp.sty
Package: textcomp 2024/04/24 v2.1b Standard LaTeX package
) (c:/texlive/2024/texmf-dist/tex/latex/graphics/graphicx.sty
Package: graphicx 2021/09/16 v1.2d Enhanced LaTeX Graphics (DPC,SPQR)
 (c:/texlive/2024/texmf-dist/tex/latex/graphics/graphics.sty
Package: graphics 2024/05/23 v1.4g Standard LaTeX Graphics (DPC,SPQR)
 (c:/texlive/2024/texmf-dist/tex/latex/graphics/trig.sty
Package: trig 2023/12/02 v1.11 sin cos tan (DPC)
) (c:/texlive/2024/texmf-dist/tex/latex/graphics-cfg/graphics.cfg
File: graphics.cfg 2016/06/04 v1.11 sample graphics configuration
)
Package graphics Info: Driver file: pdftex.def on input line 106.
 (c:/texlive/2024/texmf-dist/tex/latex/graphics-def/pdftex.def
File: pdftex.def 2024/04/13 v1.2c Graphics/color driver for pdftex
))
\Gin@req@height=\dimen167
\Gin@req@width=\dimen168
) (c:/texlive/2024/texmf-dist/tex/latex/xcolor/xcolor.sty
Package: xcolor 2023/11/15 v3.01 LaTeX color extensions (UK)
 (c:/texlive/2024/texmf-dist/tex/latex/graphics-cfg/color.cfg
File: color.cfg 2016/01/02 v1.6 sample color configuration
)
Package xcolor Info: Driver file: pdftex.def on input line 274.
 (c:/texlive/2024/texmf-dist/tex/latex/graphics/mathcolor.ltx)
Package xcolor Info: Model `cmy' substituted by `cmy0' on input line 1350.
Package xcolor Info: Model `hsb' substituted by `rgb' on input line 1354.
Package xcolor Info: Model `RGB' extended on input line 1366.
Package xcolor Info: Model `HTML' substituted by `rgb' on input line 1368.
Package xcolor Info: Model `Hsb' substituted by `hsb' on input line 1369.
Package xcolor Info: Model `tHsb' substituted by `hsb' on input line 1370.
Package xcolor Info: Model `HSB' substituted by `hsb' on input line 1371.
Package xcolor Info: Model `Gray' substituted by `gray' on input line 1372.
Package xcolor Info: Model `wave' substituted by `hsb' on input line 1373.
) (c:/texlive/2024/texmf-dist/tex/latex/colortbl/colortbl.sty
Package: colortbl 2024/07/06 v1.0i Color table columns (DPC)
 (c:/texlive/2024/texmf-dist/tex/latex/tools/array.sty
Package: array 2024/06/14 v2.6d Tabular extension package (FMi)
\col@sep=\dimen169
\ar@mcellbox=\box55
\extrarowheight=\dimen170
\NC@list=\toks33
\extratabsurround=\skip61
\backup@length=\skip62
\ar@cellbox=\box56
)
\everycr=\toks34
\minrowclearance=\skip63
\rownum=\count311
) (c:/texlive/2024/texmf-dist/tex/latex/booktabs/booktabs.sty
Package: booktabs 2020/01/12 v1.61803398 Publication quality tables
\heavyrulewidth=\dimen171
\lightrulewidth=\dimen172
\cmidrulewidth=\dimen173
\belowrulesep=\dimen174
\belowbottomsep=\dimen175
\aboverulesep=\dimen176
\abovetopsep=\dimen177
\cmidrulesep=\dimen178
\cmidrulekern=\dimen179
\defaultaddspace=\dimen180
\@cmidla=\count312
\@cmidlb=\count313
\@aboverulesep=\dimen181
\@belowrulesep=\dimen182
\@thisruleclass=\count314
\@lastruleclass=\count315
\@thisrulewidth=\dimen183
) (c:/texlive/2024/texmf-dist/tex/latex/algorithms/algorithm.sty
Package: algorithm 2009/08/24 v0.1 Document Style `algorithm' - floating environment
 (c:/texlive/2024/texmf-dist/tex/latex/float/float.sty
Package: float 2001/11/08 v1.3d Float enhancements (AL)
\c@float@type=\count316
\float@exts=\toks35
\float@box=\box57
\@float@everytoks=\toks36
\@floatcapt=\box58
)
\@float@every@algorithm=\toks37
\c@algorithm=\count317
) (c:/texlive/2024/texmf-dist/tex/latex/tools/tabularx.sty
Package: tabularx 2023/12/11 v2.12a `tabularx' package (DPC)
\TX@col@width=\dimen184
\TX@old@table=\dimen185
\TX@old@col=\dimen186
\TX@target=\dimen187
\TX@delta=\dimen188
\TX@cols=\count318
\TX@ftn=\toks38
) (c:/texlive/2024/texmf-dist/tex/latex/caption/subcaption.sty
Package: subcaption 2023/07/28 v1.6b Sub-captions (AR)
 (c:/texlive/2024/texmf-dist/tex/latex/caption/caption.sty
Package: caption 2023/08/05 v3.6o Customizing captions (AR)
 (c:/texlive/2024/texmf-dist/tex/latex/caption/caption3.sty
Package: caption3 2023/07/31 v2.4d caption3 kernel (AR)
\caption@tempdima=\dimen189
\captionmargin=\dimen190
\caption@leftmargin=\dimen191
\caption@rightmargin=\dimen192
\caption@width=\dimen193
\caption@indent=\dimen194
\caption@parindent=\dimen195
\caption@hangindent=\dimen196
Package caption Info: Standard document class detected.
)
\c@caption@flags=\count319
\c@continuedfloat=\count320
Package caption Info: float package is loaded.
Package caption Info: hyperref package is loaded.
)
Package caption Info: New subtype `subfigure' on input line 238.
\c@subfigure=\count321
Package caption Info: New subtype `subtable' on input line 238.
\c@subtable=\count322
) (c:/texlive/2024/texmf-dist/tex/latex/algorithmicx/algpseudocode.sty
Package: algpseudocode 
 (c:/texlive/2024/texmf-dist/tex/latex/algorithmicx/algorithmicx.sty
Package: algorithmicx 2005/04/27 v1.2 Algorithmicx

Document Style algorithmicx 1.2 - a greatly improved `algorithmic' style
\c@ALG@line=\count323
\c@ALG@rem=\count324
\c@ALG@nested=\count325
\ALG@tlm=\skip64
\ALG@thistlm=\skip65
\c@ALG@Lnr=\count326
\c@ALG@blocknr=\count327
\c@ALG@storecount=\count328
\c@ALG@tmpcounter=\count329
\ALG@tmplength=\skip66
)
Document Style - pseudocode environments for use with the `algorithmicx' style
) (c:/texlive/2024/texmf-dist/tex/latex/changepage/changepage.sty
Package: changepage 2009/10/20 v1.0c check page and change page layout
\c@cp@cntr=\count330
\cp@tempcnt=\count331
) (c:/texlive/2024/texmf-dist/tex/latex/geometry/geometry.sty
Package: geometry 2020/01/02 v5.9 Page Geometry
 (c:/texlive/2024/texmf-dist/tex/generic/iftex/ifvtex.sty
Package: ifvtex 2019/10/25 v1.7 ifvtex legacy package. Use iftex instead.
)
\Gm@cnth=\count332
\Gm@cntv=\count333
\c@Gm@tempcnt=\count334
\Gm@bindingoffset=\dimen197
\Gm@wd@mp=\dimen198
\Gm@odd@mp=\dimen199
\Gm@even@mp=\dimen256
\Gm@layoutwidth=\dimen257
\Gm@layoutheight=\dimen258
\Gm@layouthoffset=\dimen259
\Gm@layoutvoffset=\dimen260
\Gm@dimlist=\toks39
)
Package caption Info: Option `figurename' requires the `newfloat' package on input line 88.
 (c:/texlive/2024/texmf-dist/tex/latex/newfloat/newfloat.sty
Package: newfloat 2023/10/01 v1.2 Defining new floating environments (AR)
Package newfloat Info: Unsupported document class, or \@chapter 
(newfloat)             was already redefined by another package.
Package newfloat Info: \@chapter = macro:->\def \Hy@next {\Hy@MakeCurrentHrefAuto {\Hy@chapapp *}\Hy@raisedlink {\hyper@anchorstart {\@currentHref }\hyper@anchorend }}\ifnum \c@secnumdepth >\m@ne \@ifundefined {if@mainmatter}\iftrue {\csname if@mainmatter\endcsname }\let \Hy@next \relax \fi \fi \Hy@next \Hy@org@chapter .
Package newfloat Info: \Hy@org@chapter = macro:[#1]#2->\NR@gettitle {#1}\NR@chapter [{#1}]{#2}.
Package newfloat Info: \algocf@original@chapter = undefined.
) (c:/texlive/2024/texmf-dist/tex/latex/natbib/natbib.sty
Package: natbib 2010/09/13 8.31b (PWD, AO)
\bibhang=\skip67
\bibsep=\skip68
LaTeX Info: Redefining \cite on input line 694.
\c@NAT@ctr=\count335
)
\biblabelwidth=\skip69
 (./jabbrv.sty
Package: jabbrv 2010/08/18 v0.2 Automatic Journal Title Abbreviation Package
\temp@journal@text=\toks40
\temp@journal@text@=\toks41
\c@jabbrv@strlen@count=\count336
\c@jabbrv@gobble@temp=\count337
\c@jabbrv@loop@i=\count338
\c@jabbrv@loop@max=\count339
\c@jabbrv@word@count=\count340
 (./jabbrv-ltwa-all.ldf) (./jabbrv-ltwa-en.ldf)) (c:/texlive/2024/texmf-dist/tex/latex/fancyhdr/fancyhdr.sty
Package: fancyhdr 2024/07/23 v4.3.1 Extensive control of page headers and footers
\f@nch@headwidth=\skip70
\f@nch@O@elh=\skip71
\f@nch@O@erh=\skip72
\f@nch@O@olh=\skip73
\f@nch@O@orh=\skip74
\f@nch@O@elf=\skip75
\f@nch@O@erf=\skip76
\f@nch@O@olf=\skip77
\f@nch@O@orf=\skip78
) (c:/texlive/2024/texmf-dist/tex/latex/lastpage/lastpage.sty
Package: lastpage 2024/07/07 v2.1c lastpage: 2.09 or 2e? (HMM)
 (c:/texlive/2024/texmf-dist/tex/latex/lastpage/lastpage2e.sty
Package: lastpage2e 2024/07/07 v2.1c Decide which 2e lastpage version to use (HMM)
 (c:/texlive/2024/texmf-dist/tex/latex/lastpage/lastpagemodern.sty
Package: lastpagemodern 2024-07-07 v2.1c Refers to last page's name (HMM; JPG)
\c@lastpagecount=\count341
) 
)) (c:/texlive/2024/texmf-dist/tex/latex/titlesec/titlesec.sty
Package: titlesec 2023/10/27 v2.16 Sectioning titles
\ttl@box=\box59
\beforetitleunit=\skip79
\aftertitleunit=\skip80
\ttl@plus=\dimen261
\ttl@minus=\dimen262
\ttl@toksa=\toks42
\titlewidth=\dimen263
\titlewidthlast=\dimen264
\titlewidthfirst=\dimen265
) (c:/texlive/2024/texmf-dist/tex/latex/enumitem/enumitem.sty
Package: enumitem 2019/06/20 v3.9 Customized lists
\labelindent=\skip81
\enit@outerparindent=\dimen266
\enit@toks=\toks43
\enit@inbox=\box60
\enit@count@id=\count342
\enitdp@description=\count343
) (c:/texlive/2024/texmf-dist/tex/latex/lipsum/lipsum.sty (c:/texlive/2024/texmf-dist/tex/latex/l3packages/l3keys2e/l3keys2e.sty (c:/texlive/2024/texmf-dist/tex/latex/l3kernel/expl3.sty
Package: expl3 2024-08-30 L3 programming layer (loader) 
 (c:/texlive/2024/texmf-dist/tex/latex/l3backend/l3backend-pdftex.def
File: l3backend-pdftex.def 2024-05-08 L3 backend support: PDF output (pdfTeX)
\l__color_backend_stack_int=\count344
\l__pdf_internal_box=\box61
))
Package: l3keys2e 2024-08-16 LaTeX2e option processing using LaTeX3 keys
)
Package: lipsum 2021-09-20 v2.7 150 paragraphs of Lorem Ipsum dummy text
\g__lipsum_par_int=\count345
\l__lipsum_a_int=\count346
\l__lipsum_b_int=\count347
 (c:/texlive/2024/texmf-dist/tex/latex/lipsum/lipsum.ltd.tex))
Page style on title page set to empty.
) (c:/texlive/2024/texmf-dist/tex/latex/microtype/microtype.sty
Package: microtype 2024/03/29 v3.1b Micro-typographical refinements (RS)
\MT@toks=\toks44
\MT@tempbox=\box62
\MT@count=\count348
LaTeX Info: Redefining \noprotrusionifhmode on input line 1061.
LaTeX Info: Redefining \leftprotrusion on input line 1062.
\MT@prot@toks=\toks45
LaTeX Info: Redefining \rightprotrusion on input line 1081.
LaTeX Info: Redefining \textls on input line 1392.
\MT@outer@kern=\dimen267
LaTeX Info: Redefining \textmicrotypecontext on input line 2013.
\MT@listname@count=\count349
 (c:/texlive/2024/texmf-dist/tex/latex/microtype/microtype-pdftex.def
File: microtype-pdftex.def 2024/03/29 v3.1b Definitions specific to pdftex (RS)
LaTeX Info: Redefining \lsstyle on input line 902.
LaTeX Info: Redefining \lslig on input line 902.
\MT@outer@space=\skip82
)
Package microtype Info: Loading configuration file microtype.cfg.
 (c:/texlive/2024/texmf-dist/tex/latex/microtype/microtype.cfg
File: microtype.cfg 2024/03/29 v3.1b microtype main configuration file (RS)
)) (./main.aux)
\openout1 = `main.aux'.

LaTeX Font Info:    Checking defaults for OML/cmm/m/it on input line 13.
LaTeX Font Info:    ... okay on input line 13.
LaTeX Font Info:    Checking defaults for OMS/cmsy/m/n on input line 13.
LaTeX Font Info:    ... okay on input line 13.
LaTeX Font Info:    Checking defaults for OT1/cmr/m/n on input line 13.
LaTeX Font Info:    ... okay on input line 13.
LaTeX Font Info:    Checking defaults for T1/cmr/m/n on input line 13.
LaTeX Font Info:    ... okay on input line 13.
LaTeX Font Info:    Checking defaults for TS1/cmr/m/n on input line 13.
LaTeX Font Info:    ... okay on input line 13.
LaTeX Font Info:    Checking defaults for OMX/cmex/m/n on input line 13.
LaTeX Font Info:    ... okay on input line 13.
LaTeX Font Info:    Checking defaults for U/cmr/m/n on input line 13.
LaTeX Font Info:    ... okay on input line 13.
LaTeX Font Info:    Checking defaults for PD1/pdf/m/n on input line 13.
LaTeX Font Info:    ... okay on input line 13.
LaTeX Font Info:    Checking defaults for PU/pdf/m/n on input line 13.
LaTeX Font Info:    ... okay on input line 13.
Package hyperref Info: Link coloring ON on input line 13.
 (./main.out) (./main.out)
\@outlinefile=\write3
\openout3 = `main.out'.

 (c:/texlive/2024/texmf-dist/tex/context/base/mkii/supp-pdf.mkii
[Loading MPS to PDF converter (version 2006.09.02).]
\scratchcounter=\count350
\scratchdimen=\dimen268
\scratchbox=\box63
\nofMPsegments=\count351
\nofMParguments=\count352
\everyMPshowfont=\toks46
\MPscratchCnt=\count353
\MPscratchDim=\dimen269
\MPnumerator=\count354
\makeMPintoPDFobject=\count355
\everyMPtoPDFconversion=\toks47
) (c:/texlive/2024/texmf-dist/tex/latex/epstopdf-pkg/epstopdf-base.sty
Package: epstopdf-base 2020-01-24 v2.11 Base part for package epstopdf
Package epstopdf-base Info: Redefining graphics rule for `.eps' on input line 485.
 (c:/texlive/2024/texmf-dist/tex/latex/latexconfig/epstopdf-sys.cfg
File: epstopdf-sys.cfg 2010/07/13 v1.3 Configuration of (r)epstopdf for TeX Live
))
Package caption Info: Begin \AtBeginDocument code.
Package caption Info: Option `justification=RaggedRight' requires the `ragged2e' package on input line 13.
 (c:/texlive/2024/texmf-dist/tex/latex/ragged2e/ragged2e.sty
Package: ragged2e 2023/06/22 v3.6 ragged2e Package
\CenteringLeftskip=\skip83
\RaggedLeftLeftskip=\skip84
\RaggedRightLeftskip=\skip85
\CenteringRightskip=\skip86
\RaggedLeftRightskip=\skip87
\RaggedRightRightskip=\skip88
\CenteringParfillskip=\skip89
\RaggedLeftParfillskip=\skip90
\RaggedRightParfillskip=\skip91
\JustifyingParfillskip=\skip92
\CenteringParindent=\skip93
\RaggedLeftParindent=\skip94
\RaggedRightParindent=\skip95
\JustifyingParindent=\skip96
)
Package caption Info: changepage package is loaded.
\caption@adjustwidth@hsize=\dimen270
\caption@adjustwidth@linewidth=\dimen271
Package caption Info: End \AtBeginDocument code.

*geometry* driver: auto-detecting
*geometry* detected driver: pdftex
*geometry* verbose mode - [ preamble ] result:
* driver: pdftex
* paper: <default>
* layout: <same size as paper>
* layoutoffset:(h,v)=(0.0pt,0.0pt)
* modes: 
* h-part:(L,W,R)=(93.95122pt, 426.39256pt, 93.95122pt)
* v-part:(T,H,B)=(72.26999pt, 650.43001pt, 72.26999pt)
* \paperwidth=614.295pt
* \paperheight=794.96999pt
* \textwidth=426.39256pt
* \textheight=650.43001pt
* \oddsidemargin=21.68123pt
* \evensidemargin=21.68123pt
* \topmargin=-45.95122pt
* \headheight=15.0pt
* \headsep=30.95122pt
* \topskip=9.0pt
* \footskip=30.0pt
* \marginparwidth=74.0pt
* \marginparsep=10.0pt
* \columnsep=10.0pt
* \skip\footins=8.0pt plus 4.0pt minus 2.0pt
* \hoffset=0.0pt
* \voffset=0.0pt
* \mag=1000
* \@twocolumnfalse
* \@twosidefalse
* \@mparswitchfalse
* \@reversemarginfalse
* (1in=72.27pt=25.4mm, 1cm=28.453pt)

Package newfloat Info: Trying Plan B...
Package newfloat Info: `float' package detected.
LaTeX Info: Redefining \microtypecontext on input line 13.
Package microtype Info: Applying patch `item' on input line 13.
Package microtype Info: Applying patch `toc' on input line 13.
Package microtype Info: Applying patch `eqnum' on input line 13.
Package microtype Info: Applying patch `footnote' on input line 13.
Package microtype Info: Applying patch `verbatim' on input line 13.
Package microtype Info: Generating PDF output.
Package microtype Info: Character protrusion enabled (level 2).
Package microtype Info: Using default protrusion set `alltext'.
Package microtype Info: Automatic font expansion enabled (level 2),
(microtype)             stretch: 20, shrink: 20, step: 1, non-selected.
Package microtype Info: Using default expansion set `alltext-nott'.
LaTeX Info: Redefining \showhyphens on input line 13.
Package microtype Info: No adjustment of tracking.
Package microtype Info: No adjustment of interword spacing.
Package microtype Info: No adjustment of character kerning.
(c:/texlive/2024/texmf-dist/tex/latex/microtype/mt-ppl.cfg
File: mt-ppl.cfg 2005/11/16 v1.6 microtype config. file: Palatino (RS)
)
LaTeX Font Info:    Trying to load font information for T1+phv on input line 15.
 (c:/texlive/2024/texmf-dist/tex/latex/psnfss/t1phv.fd
File: t1phv.fd 2020/03/25 scalable font definitions for T1/phv.
)
LaTeX Font Info:    Font shape `T1/phv/m/n' will be
(Font)              scaled to size 8.54997pt on input line 15.
Package microtype Info: Loading generic protrusion settings for font family
(microtype)             `phv' (encoding: T1).
(microtype)             For optimal results, create family-specific settings.
(microtype)             See the microtype manual for details.
LaTeX Font Info:    Font shape `T1/phv/b/n' will be
(Font)              scaled to size 8.54997pt on input line 15.
LaTeX Font Info:    Font shape `T1/phv/b/n' will be
(Font)              scaled to size 20.89993pt on input line 15.
LaTeX Font Info:    Font shape `T1/phv/b/sc' will be
(Font)              scaled to size 8.54997pt on input line 15.
LaTeX Font Info:    Font shape `T1/phv/b/sc' will be
(Font)              scaled to size 14.24995pt on input line 15.
LaTeX Font Info:    Trying to load font information for OT1+ppl on input line 15.
 (c:/texlive/2024/texmf-dist/tex/latex/psnfss/ot1ppl.fd
File: ot1ppl.fd 2001/06/04 font definitions for OT1/ppl.
)
LaTeX Font Info:    Trying to load font information for OML+zplm on input line 15.
 (c:/texlive/2024/texmf-dist/tex/latex/psnfss/omlzplm.fd
File: omlzplm.fd 2002/09/08 Fontinst v1.914 font definitions for OML/zplm.
)
LaTeX Font Info:    Trying to load font information for OMS+zplm on input line 15.
 (c:/texlive/2024/texmf-dist/tex/latex/psnfss/omszplm.fd
File: omszplm.fd 2002/09/08 Fontinst v1.914 font definitions for OMS/zplm.
)
LaTeX Font Info:    Trying to load font information for OMX+zplm on input line 15.
 (c:/texlive/2024/texmf-dist/tex/latex/psnfss/omxzplm.fd
File: omxzplm.fd 2002/09/08 Fontinst v1.914 font definitions for OMX/zplm.
)
LaTeX Font Info:    Font shape `U/msa/m/n' will be
(Font)              scaled to size 9.37807pt on input line 15.
 (c:/texlive/2024/texmf-dist/tex/latex/microtype/mt-msa.cfg
File: mt-msa.cfg 2006/02/04 v1.1 microtype config. file: AMS symbols (a) (RS)
)
LaTeX Font Info:    Font shape `U/msa/m/n' will be
(Font)              scaled to size 7.29405pt on input line 15.
LaTeX Font Info:    Font shape `U/msa/m/n' will be
(Font)              scaled to size 5.21004pt on input line 15.
LaTeX Font Info:    Font shape `U/msb/m/n' will be
(Font)              scaled to size 9.37807pt on input line 15.
 (c:/texlive/2024/texmf-dist/tex/latex/microtype/mt-msb.cfg
File: mt-msb.cfg 2005/06/01 v1.0 microtype config. file: AMS symbols (b) (RS)
)
LaTeX Font Info:    Font shape `U/msb/m/n' will be
(Font)              scaled to size 7.29405pt on input line 15.
LaTeX Font Info:    Font shape `U/msb/m/n' will be
(Font)              scaled to size 5.21004pt on input line 15.
LaTeX Font Info:    Trying to load font information for OT1+zplm on input line 15.
 (c:/texlive/2024/texmf-dist/tex/latex/psnfss/ot1zplm.fd
File: ot1zplm.fd 2002/09/08 Fontinst v1.914 font definitions for OT1/zplm.
)
Package microtype Info: Loading generic protrusion settings for font family
(microtype)             `zplm' (encoding: OT1).
(microtype)             For optimal results, create family-specific settings.
(microtype)             See the microtype manual for details.
LaTeX Font Info:    Font shape `T1/phv/m/n' will be
(Font)              scaled to size 9.49997pt on input line 16.
LaTeX Font Info:    Font shape `T1/phv/b/n' will be
(Font)              scaled to size 9.49997pt on input line 16.
 (./main.toc)
\tf@toc=\write4
\openout4 = `main.toc'.



[1

{c:/texlive/2024/texmf-var/fonts/map/pdftex/updmap/pdftex.map}{c:/texlive/2024/texmf-dist/fonts/enc/dvips/base/8r.enc}]

[2]

[3]

[4]
LaTeX Font Info:    Font shape `T1/phv/m/n' will be
(Font)              scaled to size 7.59998pt on input line 201.
LaTeX Font Info:    Font shape `T1/phv/b/n' will be
(Font)              scaled to size 7.59998pt on input line 201.
LaTeX Font Info:    Font shape `T1/phv/b/it' in size <8> not available
(Font)              Font shape `T1/phv/b/sl' tried instead on input line 201.
LaTeX Font Info:    Font shape `T1/phv/b/sl' will be
(Font)              scaled to size 7.59998pt on input line 201.


[5]

[6]
LaTeX Font Info:    Font shape `U/msa/m/n' will be
(Font)              scaled to size 8.33606pt on input line 277.
LaTeX Font Info:    Font shape `U/msa/m/n' will be
(Font)              scaled to size 6.25204pt on input line 277.
LaTeX Font Info:    Font shape `U/msb/m/n' will be
(Font)              scaled to size 8.33606pt on input line 277.
LaTeX Font Info:    Font shape `U/msb/m/n' will be
(Font)              scaled to size 6.25204pt on input line 277.


Package hyperref Warning: Token not allowed in a PDF string (Unicode):
(hyperref)                removing `math shift' on input line 277.


Package hyperref Warning: Token not allowed in a PDF string (Unicode):
(hyperref)                removing `math shift' on input line 277.



[7]

[8]

[9]

[10]
Overfull \hbox (232.60507pt too wide) detected at line 451
[]
 []



[11]

[12]
LaTeX Font Info:    Trying to load font information for T1+cmtt on input line 503.
 (c:/texlive/2024/texmf-dist/tex/latex/base/t1cmtt.fd
File: t1cmtt.fd 2023/04/13 v2.5m Standard LaTeX font definitions
)
Package microtype Info: Loading generic protrusion settings for font family
(microtype)             `cmtt' (encoding: T1).
(microtype)             For optimal results, create family-specific settings.
(microtype)             See the microtype manual for details.


[13{c:/texlive/2024/texmf-dist/fonts/enc/dvips/cm-super/cm-super-t1.enc}]

[14]

[15]

LaTeX Warning: Reference `ref:Jakubowsky' on page 16 undefined on input line 615.


Underfull \hbox (badness 10000) in alignment at lines 615--615
[][][] 
 []

<Images/heatmap.png, id=453, 421.3341pt x 317.988pt>
File: Images/heatmap.png Graphic file (type png)
<use Images/heatmap.png>
Package pdftex.def Info: Images/heatmap.png  used on input line 631.
(pdftex.def)             Requested size: 140.71031pt x 106.19305pt.
<Images/l (b=10.0).png, id=455, 493.6041pt x 399.6531pt>
File: Images/l (b=10.0).png Graphic file (type png)
<use Images/l (b=10.0).png>
Package pdftex.def Info: Images/l (b=10.0).png  used on input line 636.
(pdftex.def)             Requested size: 126.63841pt x 102.52916pt.
<Images/l_b10_ODE.png, id=456, 493.6041pt x 399.6531pt>
File: Images/l_b10_ODE.png Graphic file (type png)
<use Images/l_b10_ODE.png>
Package pdftex.def Info: Images/l_b10_ODE.png  used on input line 641.
(pdftex.def)             Requested size: 126.63841pt x 102.52916pt.
<Images/theta1 vs b (low b n=3 theory).png, id=462, 514.5624pt x 397.485pt>
File: Images/theta1 vs b (low b n=3 theory).png Graphic file (type png)
<use Images/theta1 vs b (low b n=3 theory).png>
Package pdftex.def Info: Images/theta1 vs b (low b n=3 theory).png  used on input line 658.
(pdftex.def)             Requested size: 140.71031pt x 108.6931pt.
<Images/theta2 vs b (low b n=3 theory).png, id=463, 514.5624pt x 397.485pt>
File: Images/theta2 vs b (low b n=3 theory).png Graphic file (type png)
<use Images/theta2 vs b (low b n=3 theory).png>
Package pdftex.def Info: Images/theta2 vs b (low b n=3 theory).png  used on input line 663.
(pdftex.def)             Requested size: 140.71031pt x 108.6931pt.
<Images/theta3 vs b (low b n=3 theory).png, id=464, 514.5624pt x 397.485pt>
File: Images/theta3 vs b (low b n=3 theory).png Graphic file (type png)
<use Images/theta3 vs b (low b n=3 theory).png>
Package pdftex.def Info: Images/theta3 vs b (low b n=3 theory).png  used on input line 668.
(pdftex.def)             Requested size: 140.71031pt x 108.6931pt.
<Images/theta1 vs b (low b n=3).png, id=465, 508.0581pt x 397.485pt>
File: Images/theta1 vs b (low b n=3).png Graphic file (type png)
<use Images/theta1 vs b (low b n=3).png>
Package pdftex.def Info: Images/theta1 vs b (low b n=3).png  used on input line 678.
(pdftex.def)             Requested size: 140.71031pt x 110.08807pt.
<Images/theta2 vs b (low b n=3).png, id=466, 514.5624pt x 397.485pt>
File: Images/theta2 vs b (low b n=3).png Graphic file (type png)
<use Images/theta2 vs b (low b n=3).png>
Package pdftex.def Info: Images/theta2 vs b (low b n=3).png  used on input line 683.
(pdftex.def)             Requested size: 140.71031pt x 108.6931pt.
<Images/theta3 vs b (low b n=3).png, id=467, 508.0581pt x 397.485pt>
File: Images/theta3 vs b (low b n=3).png Graphic file (type png)
<use Images/theta3 vs b (low b n=3).png>
Package pdftex.def Info: Images/theta3 vs b (low b n=3).png  used on input line 688.
(pdftex.def)             Requested size: 140.71031pt x 110.08807pt.
<Images/theta1 vs b (high b n=3).png, id=468, 526.8483pt x 397.485pt>
File: Images/theta1 vs b (high b n=3).png Graphic file (type png)
<use Images/theta1 vs b (high b n=3).png>
Package pdftex.def Info: Images/theta1 vs b (high b n=3).png  used on input line 698.
(pdftex.def)             Requested size: 140.71031pt x 106.15787pt.
<Images/theta2 vs b (high b n=3).png, id=469, 533.3526pt x 397.485pt>
File: Images/theta2 vs b (high b n=3).png Graphic file (type png)
<use Images/theta2 vs b (high b n=3).png>
Package pdftex.def Info: Images/theta2 vs b (high b n=3).png  used on input line 703.
(pdftex.def)             Requested size: 140.71031pt x 104.866pt.
<Images/theta3 vs b (high b n=3).png, id=470, 526.8483pt x 397.485pt>
File: Images/theta3 vs b (high b n=3).png Graphic file (type png)
<use Images/theta3 vs b (high b n=3).png>
Package pdftex.def Info: Images/theta3 vs b (high b n=3).png  used on input line 708.
(pdftex.def)             Requested size: 140.71031pt x 106.15787pt.
<Images/lambda vs b (low b n=3 no theory).png, id=471, 420.6114pt x 330.9966pt>
File: Images/lambda vs b (low b n=3 no theory).png Graphic file (type png)
<use Images/lambda vs b (low b n=3 no theory).png>
Package pdftex.def Info: Images/lambda vs b (low b n=3 no theory).png  used on input line 719.
(pdftex.def)             Requested size: 213.19627pt x 167.77065pt.
<Images/lambda vs b (low b n=3 theory).png, id=472, 420.6114pt x 330.9966pt>
File: Images/lambda vs b (low b n=3 theory).png Graphic file (type png)
<use Images/lambda vs b (low b n=3 theory).png>
Package pdftex.def Info: Images/lambda vs b (low b n=3 theory).png  used on input line 724.
(pdftex.def)             Requested size: 213.19627pt x 167.77065pt.
<Images/Y1 vs b (low b n=3).png, id=475, 432.1746pt x 332.442pt>
File: Images/Y1 vs b (low b n=3).png Graphic file (type png)
<use Images/Y1 vs b (low b n=3).png>
Package pdftex.def Info: Images/Y1 vs b (low b n=3).png  used on input line 743.
(pdftex.def)             Requested size: 140.71031pt x 108.23512pt.
<Images/Y2 vs b (low b n=3).png, id=476, 438.6789pt x 332.442pt>
File: Images/Y2 vs b (low b n=3).png Graphic file (type png)
<use Images/Y2 vs b (low b n=3).png>
Package pdftex.def Info: Images/Y2 vs b (low b n=3).png  used on input line 748.
(pdftex.def)             Requested size: 140.71031pt x 106.63216pt.
<Images/Y3 vs b (low b n=3).png, id=477, 425.6703pt x 332.442pt>
File: Images/Y3 vs b (low b n=3).png Graphic file (type png)
<use Images/Y3 vs b (low b n=3).png>
Package pdftex.def Info: Images/Y3 vs b (low b n=3).png  used on input line 753.
(pdftex.def)             Requested size: 140.71031pt x 109.89388pt.
<Images/Y4 vs b (low b n=3).png, id=478, 432.1746pt x 332.442pt>
File: Images/Y4 vs b (low b n=3).png Graphic file (type png)
<use Images/Y4 vs b (low b n=3).png>
Package pdftex.def Info: Images/Y4 vs b (low b n=3).png  used on input line 758.
(pdftex.def)             Requested size: 140.71031pt x 108.23512pt.
<Images/Y5 vs b (low b n=3).png, id=479, 425.6703pt x 332.442pt>
File: Images/Y5 vs b (low b n=3).png Graphic file (type png)
<use Images/Y5 vs b (low b n=3).png>
Package pdftex.def Info: Images/Y5 vs b (low b n=3).png  used on input line 763.
(pdftex.def)             Requested size: 140.71031pt x 109.89388pt.
<Images/Y1 vs b (high b n=3).png, id=480, 435.0654pt x 332.442pt>
File: Images/Y1 vs b (high b n=3).png Graphic file (type png)
<use Images/Y1 vs b (high b n=3).png>
Package pdftex.def Info: Images/Y1 vs b (high b n=3).png  used on input line 773.
(pdftex.def)             Requested size: 140.71031pt x 107.51988pt.
<Images/Y2 vs b (high b n=3).png, id=481, 448.074pt x 332.442pt>
File: Images/Y2 vs b (high b n=3).png Graphic file (type png)
<use Images/Y2 vs b (high b n=3).png>
Package pdftex.def Info: Images/Y2 vs b (high b n=3).png  used on input line 778.
(pdftex.def)             Requested size: 140.71031pt x 104.40019pt.
<Images/Y3 vs b (high b n=3).png, id=482, 441.5697pt x 332.442pt>
File: Images/Y3 vs b (high b n=3).png Graphic file (type png)
<use Images/Y3 vs b (high b n=3).png>
Package pdftex.def Info: Images/Y3 vs b (high b n=3).png  used on input line 783.
(pdftex.def)             Requested size: 140.71031pt x 105.93214pt.
<Images/Y4 vs b (high b n=3).png, id=483, 441.5697pt x 332.442pt>
File: Images/Y4 vs b (high b n=3).png Graphic file (type png)
<use Images/Y4 vs b (high b n=3).png>
Package pdftex.def Info: Images/Y4 vs b (high b n=3).png  used on input line 788.
(pdftex.def)             Requested size: 140.71031pt x 105.93214pt.
<Images/Y5 vs b (high b n=3).png, id=484, 435.0654pt x 332.442pt>
File: Images/Y5 vs b (high b n=3).png Graphic file (type png)
<use Images/Y5 vs b (high b n=3).png>
Package pdftex.def Info: Images/Y5 vs b (high b n=3).png  used on input line 793.
(pdftex.def)             Requested size: 140.71031pt x 107.51988pt.
<Images/Large vs b (high b n=3).png, id=486, 425.6703pt x 330.9966pt>
File: Images/Large vs b (high b n=3).png Graphic file (type png)
<use Images/Large vs b (high b n=3).png>
Package pdftex.def Info: Images/Large vs b (high b n=3).png  used on input line 806.
(pdftex.def)             Requested size: 213.19627pt x 165.78072pt.
<Images/Small vs b (high b n=3).png, id=487, 424.2249pt x 330.9966pt>
File: Images/Small vs b (high b n=3).png Graphic file (type png)
<use Images/Small vs b (high b n=3).png>
Package pdftex.def Info: Images/Small vs b (high b n=3).png  used on input line 811.
(pdftex.def)             Requested size: 213.19627pt x 166.34132pt.
<Images/Large vs b (low b n=3).png, id=488, 425.6703pt x 330.9966pt>
File: Images/Large vs b (low b n=3).png Graphic file (type png)
<use Images/Large vs b (low b n=3).png>
Package pdftex.def Info: Images/Large vs b (low b n=3).png  used on input line 816.
(pdftex.def)             Requested size: 213.19627pt x 165.78072pt.
<Images/Small vs b (low b n=3).png, id=489, 424.2249pt x 330.9966pt>
File: Images/Small vs b (low b n=3).png Graphic file (type png)
<use Images/Small vs b (low b n=3).png>
Package pdftex.def Info: Images/Small vs b (low b n=3).png  used on input line 821.
(pdftex.def)             Requested size: 213.19627pt x 166.34132pt.


[16]

[17 <./Images/heatmap.png> <./Images/l (b=10.0).png> <./Images/l_b10_ODE.png> <./Images/theta1 vs b (low b n=3 theory).png> <./Images/theta2 vs b (low b n=3 theory).png> <./Images/theta3 vs b (low b n=3 theory).png> <./Images/theta1 vs b (low b n=3).png> <./Images/theta2 vs b (low b n=3).png> <./Images/theta3 vs b (low b n=3).png>]

[18 <./Images/theta1 vs b (high b n=3).png> <./Images/theta2 vs b (high b n=3).png> <./Images/theta3 vs b (high b n=3).png> <./Images/lambda vs b (low b n=3 no theory).png> <./Images/lambda vs b (low b n=3 theory).png>]

[19 <./Images/Y1 vs b (low b n=3).png> <./Images/Y2 vs b (low b n=3).png> <./Images/Y3 vs b (low b n=3).png> <./Images/Y4 vs b (low b n=3).png> <./Images/Y5 vs b (low b n=3).png> <./Images/Y1 vs b (high b n=3).png> <./Images/Y2 vs b (high b n=3).png> <./Images/Y3 vs b (high b n=3).png> <./Images/Y4 vs b (high b n=3).png> <./Images/Y5 vs b (high b n=3).png>]
<Images/lambda vs b (low b n=6).png, id=545, 432.8973pt x 330.9966pt>
File: Images/lambda vs b (low b n=6).png Graphic file (type png)
<use Images/lambda vs b (low b n=6).png>
Package pdftex.def Info: Images/lambda vs b (low b n=6).png  used on input line 835.
(pdftex.def)             Requested size: 213.19627pt x 163.01299pt.
<Images/lambda vs Y6 (low b n=6).png, id=546, 432.8973pt x 337.5009pt>
File: Images/lambda vs Y6 (low b n=6).png Graphic file (type png)
<use Images/lambda vs Y6 (low b n=6).png>
Package pdftex.def Info: Images/lambda vs Y6 (low b n=6).png  used on input line 840.
(pdftex.def)             Requested size: 213.19627pt x 166.21631pt.
<Images/lambda vs Y9 (low b n=4).png, id=547, 426.393pt x 337.5009pt>
File: Images/lambda vs Y9 (low b n=4).png Graphic file (type png)
<use Images/lambda vs Y9 (low b n=4).png>
Package pdftex.def Info: Images/lambda vs Y9 (low b n=4).png  used on input line 845.
(pdftex.def)             Requested size: 213.19627pt x 168.75003pt.
<Images/lambda vs Y6 (low b n=7).png, id=548, 432.8973pt x 337.5009pt>
File: Images/lambda vs Y6 (low b n=7).png Graphic file (type png)
<use Images/lambda vs Y6 (low b n=7).png>
Package pdftex.def Info: Images/lambda vs Y6 (low b n=7).png  used on input line 850.
(pdftex.def)             Requested size: 213.19627pt x 166.21631pt.
<Images/lambda vs theta (medium b n=6).png, id=552, 416.9979pt x 330.9966pt>
File: Images/lambda vs theta (medium b n=6).png Graphic file (type png)
<use Images/lambda vs theta (medium b n=6).png>
Package pdftex.def Info: Images/lambda vs theta (medium b n=6).png  used on input line 863.
(pdftex.def)             Requested size: 213.19627pt x 169.23027pt.
<Images/lambda vs theta (high b n=6) 02.png, id=553, 416.9979pt x 330.9966pt>
File: Images/lambda vs theta (high b n=6) 02.png Graphic file (type png)
<use Images/lambda vs theta (high b n=6) 02.png>
Package pdftex.def Info: Images/lambda vs theta (high b n=6) 02.png  used on input line 868.
(pdftex.def)             Requested size: 213.19627pt x 169.23027pt.
<Images/lambda vs Y5 (medium b n=6).png, id=554, 414.1071pt x 337.5009pt>
File: Images/lambda vs Y5 (medium b n=6).png Graphic file (type png)
<use Images/lambda vs Y5 (medium b n=6).png>
Package pdftex.def Info: Images/lambda vs Y5 (medium b n=6).png  used on input line 873.
(pdftex.def)             Requested size: 213.19627pt x 173.76083pt.
<Images/lambda vs Y6 (high b n=6).png, id=555, 436.5108pt x 337.5009pt>
File: Images/lambda vs Y6 (high b n=6).png Graphic file (type png)
<use Images/lambda vs Y6 (high b n=6).png>
Package pdftex.def Info: Images/lambda vs Y6 (high b n=6).png  used on input line 878.
(pdftex.def)             Requested size: 213.19627pt x 164.8413pt.
<Images/lambda vs b (high b n=6).png, id=556, 436.5108pt x 330.9966pt>
File: Images/lambda vs b (high b n=6).png Graphic file (type png)
<use Images/lambda vs b (high b n=6).png>
Package pdftex.def Info: Images/lambda vs b (high b n=6).png  used on input line 883.
(pdftex.def)             Requested size: 213.19627pt x 161.66447pt.
<Images/lambda vs Y7 (high b n=6).png, id=557, 436.5108pt x 337.5009pt>
File: Images/lambda vs Y7 (high b n=6).png Graphic file (type png)
<use Images/lambda vs Y7 (high b n=6).png>
Package pdftex.def Info: Images/lambda vs Y7 (high b n=6).png  used on input line 888.
(pdftex.def)             Requested size: 213.19627pt x 164.8413pt.


LaTeX Warning: Reference `fig:correlation_10' on page 20 undefined on input line 896.

<Images/dist_10 (b=0.01).png, id=559, 866.23625pt x 792.9625pt>
File: Images/dist_10 (b=0.01).png Graphic file (type png)
<use Images/dist_10 (b=0.01).png>
Package pdftex.def Info: Images/dist_10 (b=0.01).png  used on input line 902.
(pdftex.def)             Requested size: 213.19627pt x 195.15472pt.
<Images/dist_10_unsorted (b=0.01).png, id=560, 864.22874pt x 792.9625pt>
File: Images/dist_10_unsorted (b=0.01).png Graphic file (type png)
<use Images/dist_10_unsorted (b=0.01).png>
Package pdftex.def Info: Images/dist_10_unsorted (b=0.01).png  used on input line 907.
(pdftex.def)             Requested size: 213.19627pt x 195.61452pt.


[20 <./Images/Large vs b (high b n=3).png> <./Images/Small vs b (high b n=3).png> <./Images/Large vs b (low b n=3).png> <./Images/Small vs b (low b n=3).png>]

[21 <./Images/lambda vs b (low b n=6).png> <./Images/lambda vs Y6 (low b n=6).png> <./Images/lambda vs Y9 (low b n=4).png> <./Images/lambda vs Y6 (low b n=7).png>]

[22 <./Images/lambda vs theta (medium b n=6).png> <./Images/lambda vs theta (high b n=6) 02.png> <./Images/lambda vs Y5 (medium b n=6).png> <./Images/lambda vs Y6 (high b n=6).png> <./Images/lambda vs b (high b n=6).png> <./Images/lambda vs Y7 (high b n=6).png>]

[23 <./Images/dist_10 (b=0.01).png> <./Images/dist_10_unsorted (b=0.01).png>]

[24] (./main.bbl)

[25] 
enddocument/afterlastpage: lastpage setting LastPage.
(./main.aux)
 ***********
LaTeX2e <2024-06-01> patch level 2
L3 programming layer <2024-08-30>
 ***********


LaTeX Warning: There were undefined references.

Package rerunfilecheck Info: File `main.out' has not changed.
(rerunfilecheck)             Checksum: 5E32A83AD3005952C3F0EA5F7C96D64C;7672.
 ) 
Here is how much of TeX's memory you used:
 28519 strings out of 473579
 549576 string characters out of 5732263
 1001666 words of memory out of 5000000
 50490 multiletter control sequences out of 15000+600000
 632097 words of font info for 305 fonts, out of 8000000 for 9000
 1141 hyphenation exceptions out of 8191
 94i,19n,107p,1048b,603s stack positions out of 10000i,1000n,20000p,200000b,200000s
<c:/texlive/2024/texmf-dist/fonts/type1/public/amsfonts/cm/cmex10.pfb><c:/texlive/2024/texmf-dist/fonts/type1/public/amsfonts/cm/cmmi10.pfb><c:/texlive/2024/texmf-dist/fonts/type1/public/amsfonts/cm/cmr10.pfb><c:/texlive/2024/texmf-dist/fonts/type1/public/amsfonts/cm/cmsy10.pfb><c:/texlive/2024/texmf-dist/fonts/type1/public/mathpazo/fplmr.pfb><c:/texlive/2024/texmf-dist/fonts/type1/public/mathpazo/fplmri.pfb><c:/texlive/2024/texmf-dist/fonts/type1/public/cm-super/sftt0900.pfb><c:/texlive/2024/texmf-dist/fonts/type1/urw/helvetic/uhvb8a.pfb><c:/texlive/2024/texmf-dist/fonts/type1/urw/helvetic/uhvbo8a.pfb><c:/texlive/2024/texmf-dist/fonts/type1/urw/palatino/uplb8a.pfb><c:/texlive/2024/texmf-dist/fonts/type1/urw/palatino/uplr8a.pfb><c:/texlive/2024/texmf-dist/fonts/type1/urw/palatino/uplri8a.pfb>
Output written on main.pdf (25 pages, 1450065 bytes).
PDF statistics:
 732 PDF objects out of 1000 (max. 8388607)
 597 compressed objects within 6 object streams
 271 named destinations out of 1000 (max. 500000)
 77777 words of extra memory for PDF output out of 89155 (max. 10000000)

