\BOOKMARK [1][-]{section.1}{\376\377\000I\000n\000t\000r\000o\000d\000u\000c\000t\000i\000o\000n\000\040\000t\000o\000\040\000Q\000u\000a\000n\000t\000u\000m\000\040\000R\000A\000M\000\040\000\050\000Q\000R\000A\000M\000\051}{}% 1
\BOOKMARK [2][-]{subsection.1.1}{\376\377\000B\000a\000c\000k\000g\000r\000o\000u\000n\000d}{section.1}% 2
\BOOKMARK [3][-]{subsubsection.1.1.1}{\376\377\000C\000e\000l\000l\000\040\000A\000r\000r\000a\000y}{subsection.1.1}% 3
\BOOKMARK [3][-]{subsubsection.1.1.2}{\376\377\000R\000o\000w\000\040\000D\000e\000c\000o\000d\000e\000r}{subsection.1.1}% 4
\BOOKMARK [3][-]{subsubsection.1.1.3}{\376\377\000S\000e\000n\000s\000e\000\040\000A\000m\000p\000l\000i\000f\000i\000e\000r\000s\000\040\000a\000n\000d\000\040\000C\000o\000l\000u\000m\000n\000\040\000L\000o\000g\000i\000c}{subsection.1.1}% 5
\BOOKMARK [3][-]{subsubsection.1.1.4}{\376\377\000T\000i\000m\000i\000n\000g\000\040\000M\000o\000d\000e\000l}{subsection.1.1}% 6
\BOOKMARK [2][-]{subsection.1.2}{\376\377\000M\000o\000t\000i\000v\000a\000t\000i\000o\000n}{section.1}% 7
\BOOKMARK [3][-]{subsubsection.1.2.1}{\376\377\000L\000i\000n\000e\000a\000r\000-\000S\000y\000s\000t\000e\000m\000s\000\040\000a\000n\000d\000\040\000S\000i\000m\000u\000l\000a\000t\000i\000o\000n\000\040\000A\000l\000g\000o\000r\000i\000t\000h\000m\000s}{subsection.1.2}% 8
\BOOKMARK [3][-]{subsubsection.1.2.2}{\376\377\000Q\000u\000a\000n\000t\000u\000m\000\040\000M\000a\000c\000h\000i\000n\000e\000\040\000L\000e\000a\000r\000n\000i\000n\000g}{subsection.1.2}% 9
\BOOKMARK [3][-]{subsubsection.1.2.3}{\376\377\000S\000t\000r\000e\000a\000m\000i\000n\000g\000\040\000a\000n\000d\000\040\000O\000n\000-\000t\000h\000e\000-\000F\000l\000y\000\040\000D\000a\000t\000a}{subsection.1.2}% 10
\BOOKMARK [2][-]{subsection.1.3}{\376\377\000R\000e\000p\000r\000e\000s\000e\000n\000t\000a\000t\000i\000v\000e\000\040\000A\000p\000p\000l\000i\000c\000a\000t\000i\000o\000n\000\040\000S\000c\000e\000n\000a\000r\000i\000o\000s}{section.1}% 11
\BOOKMARK [3][-]{subsubsection.1.3.1}{\376\377\000G\000r\000o\000v\000e\000r\000'\000s\000\040\000A\000l\000g\000o\000r\000i\000t\000h\000m}{subsection.1.3}% 12
\BOOKMARK [3][-]{subsubsection.1.3.2}{\376\377\000Q\000u\000a\000n\000t\000u\000m\000\040\000M\000i\000n\000i\000m\000a\000l\000\040\000S\000e\000a\000r\000c\000h}{subsection.1.3}% 13
\BOOKMARK [3][-]{subsubsection.1.3.3}{\376\377\000Q\000u\000a\000n\000t\000u\000m\000\040\000K\000N\000N}{subsection.1.3}% 14
\BOOKMARK [3][-]{subsubsection.1.3.4}{\376\377\000Q\000u\000a\000n\000t\000u\000m\000\040\000A\000m\000p\000l\000i\000t\000u\000d\000e\000\040\000E\000s\000t\000i\000m\000a\000t\000i\000o\000n}{subsection.1.3}% 15
\BOOKMARK [3][-]{subsubsection.1.3.5}{\376\377\000V\000a\000r\000i\000a\000t\000i\000o\000n\000a\000l\000\040\000Q\000u\000a\000n\000t\000u\000m\000\040\000A\000l\000g\000o\000r\000i\000t\000h\000m\000s}{subsection.1.3}% 16
\BOOKMARK [1][-]{section.2}{\376\377\000C\000o\000m\000p\000a\000r\000i\000s\000o\000n\000\040\000o\000f\000\040\000Q\000R\000A\000M\000\040\000A\000r\000c\000h\000i\000t\000e\000c\000t\000u\000r\000e\000s}{}% 17
\BOOKMARK [2][-]{subsection.2.1}{\376\377\000O\000v\000e\000r\000v\000i\000e\000w}{section.2}% 18
\BOOKMARK [2][-]{subsection.2.2}{\376\377\000F\000a\000n\000o\000u\000t\000\040\000Q\000R\000A\000M}{section.2}% 19
\BOOKMARK [3][-]{subsubsection.2.2.1}{\376\377\000C\000l\000a\000s\000s\000i\000c\000a\000l\000\040\000F\000a\000n\000o\000u\000t\000\040\000R\000A\000M\000\040\000S\000c\000h\000e\000m\000e}{subsection.2.2}% 20
\BOOKMARK [3][-]{subsubsection.2.2.2}{\376\377\000Q\000u\000a\000n\000t\000i\000z\000a\000t\000i\000o\000n\000\040\000o\000f\000\040\000t\000h\000e\000\040\000F\000a\000n\000o\000u\000t\000\040\000S\000c\000h\000e\000m\000e}{subsection.2.2}% 21
\BOOKMARK [3][-]{subsubsection.2.2.3}{\376\377\000I\000m\000p\000l\000e\000m\000e\000n\000t\000a\000t\000i\000o\000n}{subsection.2.2}% 22
\BOOKMARK [2][-]{subsection.2.3}{\376\377\000B\000u\000c\000k\000e\000t\000-\000B\000r\000i\000g\000a\000d\000e\000\040\000Q\000R\000A\000M}{section.2}% 23
\BOOKMARK [3][-]{subsubsection.2.3.1}{\376\377\000T\000h\000e\000\040\000Q\000R\000A\000M\000\040\000S\000c\000h\000e\000m\000e}{subsection.2.3}% 24
\BOOKMARK [3][-]{subsubsection.2.3.2}{\376\377\000I\000m\000p\000l\000e\000m\000e\000n\000t\000a\000t\000i\000o\000n}{subsection.2.3}% 25
\BOOKMARK [2][-]{subsection.2.4}{\376\377\000F\000l\000i\000p\000-\000F\000l\000o\000p\000\040\000Q\000R\000A\000M}{section.2}% 26
\BOOKMARK [3][-]{subsubsection.2.4.1}{\376\377\000I\000n\000t\000r\000o\000d\000u\000c\000t\000i\000o\000n}{subsection.2.4}% 27
\BOOKMARK [3][-]{subsubsection.2.4.2}{\376\377\000I\000m\000p\000l\000e\000m\000e\000n\000t\000a\000t\000i\000o\000n}{subsection.2.4}% 28
\BOOKMARK [2][-]{subsection.2.5}{\376\377\000Q\000u\000d\000i\000t\000-\000B\000a\000s\000e\000d\000\040\000Q\000R\000A\000M}{section.2}% 29
\BOOKMARK [3][-]{subsubsection.2.5.1}{\376\377\000F\000u\000n\000d\000a\000m\000e\000n\000t\000a\000l\000\040\000I\000d\000e\000a\000s}{subsection.2.5}% 30
\BOOKMARK [3][-]{subsubsection.2.5.2}{\376\377\000T\000h\000e\000o\000r\000y\000\040\000B\000e\000h\000i\000n\000d\000\040\000Q\000u\000d\000i\000t\000\040\000Q\000R\000A\000M}{subsection.2.5}% 31
\BOOKMARK [3][-]{subsubsection.2.5.3}{\376\377\000I\000s\000\040\000Q\000u\000d\000i\000t\000\040\000T\000o\000o\000\040\000G\000o\000o\000d\000\040\000t\000o\000\040\000b\000e\000\040\000T\000r\000u\000e\000?\000\040\000N\000o\000t\000e\000\040\000o\000n\000\040\000I\000n\000s\000t\000a\000b\000i\000l\000i\000t\000y}{subsection.2.5}% 32
\BOOKMARK [3][-]{subsubsection.2.5.4}{\376\377\000I\000m\000p\000l\000e\000m\000e\000n\000t\000a\000t\000i\000o\000n}{subsection.2.5}% 33
\BOOKMARK [2][-]{subsection.2.6}{\376\377\000E\000Q\000G\000A\000N\000\040\000a\000n\000d\000\040\000a\000p\000p\000r\000o\000x\000i\000m\000a\000t\000e\000\040\000P\000Q\000C\000\040\000Q\000R\000A\000M}{section.2}% 34
\BOOKMARK [3][-]{subsubsection.2.6.1}{\376\377\000O\000v\000e\000r\000v\000i\000e\000w\000\040\000a\000n\000d\000\040\000P\000a\000r\000a\000m\000e\000t\000r\000i\000z\000e\000d\000\040\000Q\000u\000a\000n\000t\000u\000m\000\040\000C\000i\000r\000c\000u\000i\000t\000s}{subsection.2.6}% 35
\BOOKMARK [3][-]{subsubsection.2.6.2}{\376\377\000M\000o\000r\000e\000\040\000o\000n\000\040\000t\000h\000e\000\040\000M\000e\000t\000h\000o\000d\000s}{subsection.2.6}% 36
\BOOKMARK [3][-]{subsubsection.2.6.3}{\376\377\000I\000m\000p\000l\000e\000m\000e\000n\000t\000a\000t\000i\000o\000n}{subsection.2.6}% 37
\BOOKMARK [1][-]{section.3}{\376\377\000E\000r\000r\000o\000r\000\040\000A\000n\000a\000l\000y\000s\000i\000s}{}% 38
\BOOKMARK [2][-]{subsection.3.1}{\376\377\000B\000u\000c\000k\000e\000t\040\023\000B\000r\000i\000g\000a\000d\000e\000\040\000Q\000R\000A\000M}{section.3}% 39
\BOOKMARK [2][-]{subsection.3.2}{\376\377\000F\000a\000n\040\023\000O\000u\000t\000\040\000Q\000R\000A\000M}{section.3}% 40
\BOOKMARK [2][-]{subsection.3.3}{\376\377\000F\000l\000i\000p\040\023\000F\000l\000o\000p\000\040\000Q\000R\000A\000M}{section.3}% 41
\BOOKMARK [2][-]{subsection.3.4}{\376\377\000P\000a\000r\000a\000m\000e\000t\000e\000r\000i\000z\000e\000d\000-\000C\000i\000r\000c\000u\000i\000t\000\040\000Q\000R\000A\000M\000\040\000\050\000P\000Q\000C\000-\000Q\000R\000A\000M\000\051}{section.3}% 42
\BOOKMARK [1][-]{section.4}{\376\377\000A\000p\000p\000l\000i\000c\000a\000t\000i\000o\000n\000\040\000o\000f\000\040\000Q\000R\000A\000M}{}% 43
\BOOKMARK [2][-]{subsection.4.1}{\376\377\000G\000r\000o\000v\000e\000r\000'\000s\000\040\000A\000l\000g\000o\000r\000i\000t\000h\000m\000\040\000a\000n\000d\000\040\000Q\000R\000A\000M}{section.4}% 44
\BOOKMARK [2][-]{subsection.4.2}{\376\377\000B\000u\000c\000k\000e\000t\000-\000B\000r\000i\000g\000a\000d\000e\000\040\000Q\000R\000A\000M\000\040\000i\000n\000\040\000G\000r\000o\000v\000e\000r\000\040\000A\000l\000g\000o\000r\000i\000t\000h\000m}{section.4}% 45
\BOOKMARK [3][-]{subsubsection.4.2.1}{\376\377\000E\000n\000v\000i\000r\000o\000n\000m\000e\000n\000t\000\040\000S\000e\000t\000u\000p\000\040\000a\000n\000d\000\040\000P\000a\000c\000k\000a\000g\000e\000\040\000I\000m\000p\000o\000r\000t\000s}{subsection.4.2}% 46
\BOOKMARK [3][-]{subsubsection.4.2.2}{\376\377\000P\000a\000r\000a\000m\000e\000t\000e\000r\000s\000\040\000a\000n\000d\000\040\000R\000a\000n\000d\000o\000m\000\040\000T\000a\000r\000g\000e\000t}{subsection.4.2}% 47
\BOOKMARK [3][-]{subsubsection.4.2.3}{\376\377\000Q\000u\000a\000n\000t\000u\000m\000\040\000R\000e\000g\000i\000s\000t\000e\000r\000\040\000D\000e\000c\000l\000a\000r\000a\000t\000i\000o\000n}{subsection.4.2}% 48
\BOOKMARK [3][-]{subsubsection.4.2.4}{\376\377\000Q\000R\000A\000M\000\040\000O\000r\000a\000c\000l\000e\000\040\000A\000r\000c\000h\000i\000t\000e\000c\000t\000u\000r\000e}{subsection.4.2}% 49
\BOOKMARK [3][-]{subsubsection.4.2.5}{\376\377\000D\000i\000f\000f\000u\000s\000i\000o\000n\000\040\000O\000p\000e\000r\000a\000t\000o\000r}{subsection.4.2}% 50
\BOOKMARK [3][-]{subsubsection.4.2.6}{\376\377\000M\000e\000a\000s\000u\000r\000e\000m\000e\000n\000t}{subsection.4.2}% 51
\BOOKMARK [2][-]{subsection.4.3}{\376\377\000F\000l\000i\000p\000-\000F\000l\000o\000p\000\040\000Q\000R\000A\000M\000\040\000i\000n\000\040\000G\000r\000o\000v\000e\000r\000\040\000A\000l\000g\000o\000r\000i\000t\000h\000m}{section.4}% 52
\BOOKMARK [3][-]{subsubsection.4.3.1}{\376\377\000Q\000u\000a\000n\000t\000u\000m\000\040\000R\000e\000g\000i\000s\000t\000e\000r\000\040\000D\000e\000c\000l\000a\000r\000a\000t\000i\000o\000n}{subsection.4.3}% 53
\BOOKMARK [3][-]{subsubsection.4.3.2}{\376\377\000Q\000R\000A\000M\000\040\000O\000r\000a\000c\000l\000e\000\040\000A\000r\000c\000h\000i\000t\000e\000c\000t\000u\000r\000e}{subsection.4.3}% 54
\BOOKMARK [3][-]{subsubsection.4.3.3}{\376\377\000M\000e\000a\000s\000u\000r\000e\000m\000e\000n\000t}{subsection.4.3}% 55
\BOOKMARK [2][-]{subsection.4.4}{\376\377\000W\000i\000d\000t\000h\000\040\000a\000n\000d\000\040\000D\000e\000p\000t\000h}{section.4}% 56
\BOOKMARK [3][-]{subsubsection.4.4.1}{\376\377\000D\000e\000s\000i\000g\000n\000\040\000T\000r\000a\000d\000e\000-\000o\000f\000f}{subsection.4.4}% 57
\BOOKMARK [1][-]{section.5}{\376\377\000C\000o\000n\000c\000l\000u\000s\000i\000o\000n\000\040\000a\000n\000d\000\040\000F\000u\000t\000u\000r\000e\000\040\000W\000o\000r\000k}{}% 58
\BOOKMARK [2][-]{subsection.5.1}{\376\377\000S\000u\000m\000m\000a\000r\000y\000\040\000o\000f\000\040\000R\000e\000s\000u\000l\000t\000s}{section.5}% 59
\BOOKMARK [2][-]{subsection.5.2}{\376\377\000F\000u\000t\000u\000r\000e\000\040\000S\000t\000u\000d\000y\000\040\000D\000i\000r\000e\000c\000t\000i\000o\000n\000s}{section.5}% 60
\BOOKMARK [3][-]{subsubsection.5.2.1}{\376\377\000S\000c\000a\000l\000i\000n\000g\000\040\000Q\000R\000A\000M}{subsection.5.2}% 61
\BOOKMARK [3][-]{subsubsection.5.2.2}{\376\377\000D\000o\000\040\000W\000e\000\040\000H\000a\000v\000e\000\040\000t\000o\000\040\000S\000c\000a\000l\000e\000?}{subsection.5.2}% 62
\BOOKMARK [3][-]{subsubsection.5.2.3}{\376\377\000N\000o\000i\000s\000e\000-\000R\000e\000s\000i\000l\000i\000e\000n\000c\000e}{subsection.5.2}% 63
\BOOKMARK [1][-]{section.6}{\376\377\000A\000d\000d\000i\000t\000i\000o\000n\000a\000l\000\040\000I\000n\000f\000o\000r\000m\000a\000t\000i\000o\000n}{}% 64
\BOOKMARK [2][-]{subsection.6.1}{\376\377\000T\000a\000s\000k\000\040\000D\000i\000s\000t\000r\000i\000b\000u\000t\000i\000o\000n}{section.6}% 65
\BOOKMARK [2][-]{subsection.6.2}{\376\377\000V\000i\000d\000e\000o\000\040\000P\000r\000e\000s\000e\000n\000t\000a\000t\000i\000o\000n}{section.6}% 66
\BOOKMARK [2][-]{subsection.6.3}{\376\377\000G\000r\000o\000u\000p\000\040\000G\000i\000t\000H\000u\000b\000\040\000P\000a\000g\000e}{section.6}% 67
